#
# There is insufficient memory for the Java Runtime Environment to continue.
# Native memory allocation (malloc) failed to allocate 314704 bytes. Error detail: Chunk::new
# Possible reasons:
#   The system is out of physical RAM or swap space
#   This process is running with CompressedOops enabled, and the Java Heap may be blocking the growth of the native heap
# Possible solutions:
#   Reduce memory load on the system
#   Increase physical memory or swap space
#   Check if swap backing store is full
#   Decrease Java heap size (-Xmx/-Xms)
#   Decrease number of Java threads
#   Decrease Java thread stack sizes (-Xss)
#   Set larger code cache with -XX:ReservedCodeCacheSize=
#   JVM is running with Unscaled Compressed Oops mode in which the Java heap is
#     placed in the first 4GB address space. The Java Heap base address is the
#     maximum limit for the native heap growth. Please use -XX:HeapBaseMinAddress
#     to set the Java Heap base and to place the Java Heap above 4GB virtual address.
# This output file may be truncated or incomplete.
#
#  Out of Memory Error (arena.cpp:191), pid=5796, tid=6676
#
# JRE version: OpenJDK Runtime Environment Corretto-17.0.14.7.1 (17.0.14+7) (build 17.0.14+7-LTS)
# Java VM: OpenJDK 64-Bit Server VM Corretto-17.0.14.7.1 (17.0.14+7-LTS, mixed mode, sharing, tiered, compressed oops, compressed class ptrs, g1 gc, windows-amd64)
# No core dump will be written. Minidumps are not enabled by default on client versions of Windows
#

---------------  S U M M A R Y ------------

Command Line: -javaagent:C:\Program Files\JetBrains\IntelliJ IDEA Community Edition 2024.3.5\intellihe\IntelliJ IDEA Community Edition 2024.3.5\lib\idea_rt.jar=57016 -Dfile.encoding=UTF-8 com.jobportal.JobPortalApplication

Host: AMD Ryzen 5 5600H with Radeon Graphics         , 12 cores, 5G,  Windows 11 , 64 bit Build 26100 (10.0.26100.8521)
Time: Sat Jun 20 02:19:06 2026 India Standard Time elapsed time: 7.447683 seconds (0d 0h 0m 7s)

---------------  T H R E A D  ---------------

Current thread (0x0000029f30c98be0):  JavaThread "C2 CompilerThread1" daemon [_thread_in_native, id=6676, stack(0x000000ec7e000000,0x000000ec7e100000)]


Current CompileTask:
C2:   7447 1703       4       org.springframework.boot.context.properties.source.ConfigurationPropertyName::getElement (161 bytes)

Stack: [0x000000ec7e000000,0x000000ec7e100000]
Native frames: (J=compiled Java code, j=interpreted, Vv=VM code, C=native code)
V  [jvm.dll+0x681069]
V  [jvm.dll+0x838cca]
V  [jvm.dll+0x83a78e]
V  [jvm.dll+0x83adf3]
V  [jvm.dll+0x24826f]
V  [jvm.dll+0xac9f4]
V  [jvm.dll+0xad03c]
V  [jvm.dll+0x367937]
V  [jvm.dll+0x331cda]
V  [jvm.dll+0x33117a]
V  [jvm.dll+0x21a7b1]
V  [jvm.dll+0x219bf1]
V  [jvm.dll+0x1a599d]
V  [jvm.dll+0x22994d]
V  [jvm.dll+0x227adc]
V  [jvm.dll+0x7edb77]
V  [jvm.dll+0x7e7f6c]
V  [jvm.dll+0x67ff37]
C  [ucrtbase.dll+0x2cd30]
C  [KERNEL32.DLL+0x2e957]
C  [ntdll.dll+0x87c1c]


---------------  P R O C E S S  ---------------

Threads class SMR info:
_java_thread_list=0x0000029f76dd4240, length=17, elements={
0x0000029f11727ce0, 0x0000029f306c6f80, 0x0000029f306ca6c0, 0x0000029f306d4d10,
0x0000029f306d66e0, 0x0000029f306e0bb0, 0x0000029f307066a0, 0x0000029f30710740,
0x0000029f30713980, 0x0000029f30714fa0, 0x0000029f30b485c0, 0x0000029f30c98be0,
0x0000029f30d78900, 0x0000029f30d6ccd0, 0x0000029f76a0a770, 0x0000029f768b2350,
0x0000029f76be2130
}

Java Threads: ( => current thread )
  0x0000029f11727ce0 JavaThread "main" [_thread_blocked, id=23848, stack(0x000000ec7cf00000,0x000000ec7d000000)]
  0x0000029f306c6f80 JavaThread "Reference Handler" daemon [_thread_blocked, id=22536, stack(0x000000ec7d600000,0x000000ec7d700000)]
  0x0000029f306ca6c0 JavaThread "Finalizer" daemon [_thread_blocked, id=25156, stack(0x000000ec7d700000,0x000000ec7d800000)]
  0x0000029f306d4d10 JavaThread "Signal Dispatcher" daemon [_thread_blocked, id=22116, stack(0x000000ec7d800000,0x000000ec7d900000)]
  0x0000029f306d66e0 JavaThread "Attach Listener" daemon [_thread_blocked, id=27556, stack(0x000000ec7d900000,0x000000ec7da00000)]
  0x0000029f306e0bb0 JavaThread "Service Thread" daemon [_thread_blocked, id=11312, stack(0x000000ec7da00000,0x000000ec7db00000)]
  0x0000029f307066a0 JavaThread "Monitor Deflation Thread" daemon [_thread_blocked, id=9596, stack(0x000000ec7db00000,0x000000ec7dc00000)]
  0x0000029f30710740 JavaThread "C2 CompilerThread0" daemon [_thread_in_native, id=28284, stack(0x000000ec7dc00000,0x000000ec7dd00000)]
  0x0000029f30713980 JavaThread "C1 CompilerThread0" daemon [_thread_blocked, id=7220, stack(0x000000ec7dd00000,0x000000ec7de00000)]
  0x0000029f30714fa0 JavaThread "Sweeper thread" daemon [_thread_blocked, id=18076, stack(0x000000ec7de00000,0x000000ec7df00000)]
  0x0000029f30b485c0 JavaThread "Common-Cleaner" daemon [_thread_blocked, id=6092, stack(0x000000ec7df00000,0x000000ec7e000000)]
=>0x0000029f30c98be0 JavaThread "C2 CompilerThread1" daemon [_thread_in_native, id=6676, stack(0x000000ec7e000000,0x000000ec7e100000)]
  0x0000029f30d78900 JavaThread "Monitor Ctrl-Break" daemon [_thread_in_native, id=22096, stack(0x000000ec7e100000,0x000000ec7e200000)]
  0x0000029f30d6ccd0 JavaThread "Notification Thread" daemon [_thread_blocked, id=3944, stack(0x000000ec7e200000,0x000000ec7e300000)]
  0x0000029f76a0a770 JavaThread "Thread-0" [_thread_blocked, id=22080, stack(0x000000ec7e400000,0x000000ec7e500000)]
  0x0000029f768b2350 JavaThread "restartedMain" [_thread_in_vm, id=2040, stack(0x000000ec7e500000,0x000000ec7e600000)]
  0x0000029f76be2130 JavaThread "background-preinit" [_thread_in_native, id=24892, stack(0x000000ec7eb00000,0x000000ec7ec00000)]

Other Threads:
  0x0000029f306c0ed0 VMThread "VM Thread" [stack: 0x000000ec7d500000,0x000000ec7d600000] [id=25224]
  0x0000029f76035e10 WatcherThread [stack: 0x000000ec7e300000,0x000000ec7e400000] [id=9328]
  0x0000029f11774640 GCTaskThread "GC Thread#0" [stack: 0x000000ec7d000000,0x000000ec7d100000] [id=14620]
  0x0000029f769f6060 GCTaskThread "GC Thread#1" [stack: 0x000000ec7e600000,0x000000ec7e700000] [id=14876]
  0x0000029f76a72970 GCTaskThread "GC Thread#2" [stack: 0x000000ec7e700000,0x000000ec7e800000] [id=8260]
  0x0000029f76a73030 GCTaskThread "GC Thread#3" [stack: 0x000000ec7e800000,0x000000ec7e900000] [id=27548]
  0x0000029f76a732f0 GCTaskThread "GC Thread#4" [stack: 0x000000ec7e900000,0x000000ec7ea00000] [id=19304]
  0x0000029f76a749f0 GCTaskThread "GC Thread#5" [stack: 0x000000ec7ea00000,0x000000ec7eb00000] [id=27412]
  0x0000029f117811b0 ConcurrentGCThread "G1 Main Marker" [stack: 0x000000ec7d100000,0x000000ec7d200000] [id=3308]
  0x0000029f11784630 ConcurrentGCThread "G1 Conc#0" [stack: 0x000000ec7d200000,0x000000ec7d300000] [id=6328]
  0x0000029f305789c0 ConcurrentGCThread "G1 Refine#0" [stack: 0x000000ec7d300000,0x000000ec7d400000] [id=11612]
  0x0000029f305793f0 ConcurrentGCThread "G1 Service" [stack: 0x000000ec7d400000,0x000000ec7d500000] [id=25548]

Threads with active compile tasks:
C2 CompilerThread0     7545 1743       4       java.lang.String::regionMatches (150 bytes)
C2 CompilerThread1     7545 1703       4       org.springframework.boot.context.properties.source.ConfigurationPropertyName::getElement (161 bytes)

VM state: not at safepoint (normal execution)

VM Mutex/Monitor currently owned by a thread: None

Heap address: 0x00000000a2400000, size: 1500 MB, Compressed Oops mode: 32-bit

CDS archive(s) mapped at: [0x0000029f31000000-0x0000029f31bb0000-0x0000029f31bb0000), size 12255232, SharedBaseAddress: 0x0000029f31000000, ArchiveRelocationMode: 1.
Compressed class space mapped at: 0x0000029f32000000-0x0000029f72000000, reserved size: 1073741824
Narrow klass base: 0x0000029f31000000, Narrow klass shift: 0, Narrow klass range: 0x100000000

GC Precious Log:
 CPUs: 12 total, 12 available
 Memory: 5996M
 Large Page Support: Disabled
 NUMA Support: Disabled
 Compressed Oops: Enabled (32-bit)
 Heap Region Size: 1M
 Heap Min Capacity: 8M
 Heap Initial Capacity: 94M
 Heap Max Capacity: 1500M
 Pre-touch: Disabled
 Parallel Workers: 10
 Concurrent Workers: 3
 Concurrent Refinement Workers: 10
 Periodic GC: Disabled

Heap:
 garbage-first heap   total 96256K, used 24989K [0x00000000a2400000, 0x0000000100000000)
  region size 1024K, 22 young (22528K), 3 survivors (3072K)
 Metaspace       used 10125K, committed 10368K, reserved 1114112K
  class space    used 1299K, committed 1408K, reserved 1048576K

Heap Regions: E=young(eden), S=young(survivor), O=old, HS=humongous(starts), HC=humongous(continues), CS=collection set, F=free, OA=open archive, CA=closed archive, TAMS=top-at-mark-start (previous, next)
|   0|0x00000000a2400000, 0x00000000a2500000, 0x00000000a2500000|100%|HS|  |TAMS 0x00000000a2400000, 0x00000000a2400000| Complete 
|   1|0x00000000a2500000, 0x00000000a2600000, 0x00000000a2600000|100%|HS|  |TAMS 0x00000000a2500000, 0x00000000a2500000| Complete 
|   2|0x00000000a2600000, 0x00000000a2700000, 0x00000000a2700000|100%| O|  |TAMS 0x00000000a2600000, 0x00000000a2600000| Untracked 
|   3|0x00000000a2700000, 0x00000000a2800000, 0x00000000a2800000|100%| O|  |TAMS 0x00000000a2700000, 0x00000000a2700000| Untracked 
|   4|0x00000000a2800000, 0x00000000a2867600, 0x00000000a2900000| 40%| O|  |TAMS 0x00000000a2800000, 0x00000000a2800000| Untracked 
|   5|0x00000000a2900000, 0x00000000a2900000, 0x00000000a2a00000|  0%| F|  |TAMS 0x00000000a2900000, 0x00000000a2900000| Untracked 
|   6|0x00000000a2a00000, 0x00000000a2a00000, 0x00000000a2b00000|  0%| F|  |TAMS 0x00000000a2a00000, 0x00000000a2a00000| Untracked 
|   7|0x00000000a2b00000, 0x00000000a2b00000, 0x00000000a2c00000|  0%| F|  |TAMS 0x00000000a2b00000, 0x00000000a2b00000| Untracked 
|   8|0x00000000a2c00000, 0x00000000a2c00000, 0x00000000a2d00000|  0%| F|  |TAMS 0x00000000a2c00000, 0x00000000a2c00000| Untracked 
|   9|0x00000000a2d00000, 0x00000000a2d00000, 0x00000000a2e00000|  0%| F|  |TAMS 0x00000000a2d00000, 0x00000000a2d00000| Untracked 
|  10|0x00000000a2e00000, 0x00000000a2e00000, 0x00000000a2f00000|  0%| F|  |TAMS 0x00000000a2e00000, 0x00000000a2e00000| Untracked 
|  11|0x00000000a2f00000, 0x00000000a2f00000, 0x00000000a3000000|  0%| F|  |TAMS 0x00000000a2f00000, 0x00000000a2f00000| Untracked 
|  12|0x00000000a3000000, 0x00000000a3000000, 0x00000000a3100000|  0%| F|  |TAMS 0x00000000a3000000, 0x00000000a3000000| Untracked 
|  13|0x00000000a3100000, 0x00000000a3100000, 0x00000000a3200000|  0%| F|  |TAMS 0x00000000a3100000, 0x00000000a3100000| Untracked 
|  14|0x00000000a3200000, 0x00000000a3200000, 0x00000000a3300000|  0%| F|  |TAMS 0x00000000a3200000, 0x00000000a3200000| Untracked 
|  15|0x00000000a3300000, 0x00000000a3300000, 0x00000000a3400000|  0%| F|  |TAMS 0x00000000a3300000, 0x00000000a3300000| Untracked 
|  16|0x00000000a3400000, 0x00000000a3400000, 0x00000000a3500000|  0%| F|  |TAMS 0x00000000a3400000, 0x00000000a3400000| Untracked 
|  17|0x00000000a3500000, 0x00000000a3500000, 0x00000000a3600000|  0%| F|  |TAMS 0x00000000a3500000, 0x00000000a3500000| Untracked 
|  18|0x00000000a3600000, 0x00000000a3600000, 0x00000000a3700000|  0%| F|  |TAMS 0x00000000a3600000, 0x00000000a3600000| Untracked 
|  19|0x00000000a3700000, 0x00000000a3700000, 0x00000000a3800000|  0%| F|  |TAMS 0x00000000a3700000, 0x00000000a3700000| Untracked 
|  20|0x00000000a3800000, 0x00000000a3800000, 0x00000000a3900000|  0%| F|  |TAMS 0x00000000a3800000, 0x00000000a3800000| Untracked 
|  21|0x00000000a3900000, 0x00000000a3900000, 0x00000000a3a00000|  0%| F|  |TAMS 0x00000000a3900000, 0x00000000a3900000| Untracked 
|  22|0x00000000a3a00000, 0x00000000a3a00000, 0x00000000a3b00000|  0%| F|  |TAMS 0x00000000a3a00000, 0x00000000a3a00000| Untracked 
|  23|0x00000000a3b00000, 0x00000000a3b00000, 0x00000000a3c00000|  0%| F|  |TAMS 0x00000000a3b00000, 0x00000000a3b00000| Untracked 
|  24|0x00000000a3c00000, 0x00000000a3c00000, 0x00000000a3d00000|  0%| F|  |TAMS 0x00000000a3c00000, 0x00000000a3c00000| Untracked 
|  25|0x00000000a3d00000, 0x00000000a3d00000, 0x00000000a3e00000|  0%| F|  |TAMS 0x00000000a3d00000, 0x00000000a3d00000| Untracked 
|  26|0x00000000a3e00000, 0x00000000a3e00000, 0x00000000a3f00000|  0%| F|  |TAMS 0x00000000a3e00000, 0x00000000a3e00000| Untracked 
|  27|0x00000000a3f00000, 0x00000000a3f00000, 0x00000000a4000000|  0%| F|  |TAMS 0x00000000a3f00000, 0x00000000a3f00000| Untracked 
|  28|0x00000000a4000000, 0x00000000a4000000, 0x00000000a4100000|  0%| F|  |TAMS 0x00000000a4000000, 0x00000000a4000000| Untracked 
|  29|0x00000000a4100000, 0x00000000a4100000, 0x00000000a4200000|  0%| F|  |TAMS 0x00000000a4100000, 0x00000000a4100000| Untracked 
|  30|0x00000000a4200000, 0x00000000a4200000, 0x00000000a4300000|  0%| F|  |TAMS 0x00000000a4200000, 0x00000000a4200000| Untracked 
|  31|0x00000000a4300000, 0x00000000a4300000, 0x00000000a4400000|  0%| F|  |TAMS 0x00000000a4300000, 0x00000000a4300000| Untracked 
|  32|0x00000000a4400000, 0x00000000a4400000, 0x00000000a4500000|  0%| F|  |TAMS 0x00000000a4400000, 0x00000000a4400000| Untracked 
|  33|0x00000000a4500000, 0x00000000a4500000, 0x00000000a4600000|  0%| F|  |TAMS 0x00000000a4500000, 0x00000000a4500000| Untracked 
|  34|0x00000000a4600000, 0x00000000a4600000, 0x00000000a4700000|  0%| F|  |TAMS 0x00000000a4600000, 0x00000000a4600000| Untracked 
|  35|0x00000000a4700000, 0x00000000a4700000, 0x00000000a4800000|  0%| F|  |TAMS 0x00000000a4700000, 0x00000000a4700000| Untracked 
|  36|0x00000000a4800000, 0x00000000a4800000, 0x00000000a4900000|  0%| F|  |TAMS 0x00000000a4800000, 0x00000000a4800000| Untracked 
|  37|0x00000000a4900000, 0x00000000a4900000, 0x00000000a4a00000|  0%| F|  |TAMS 0x00000000a4900000, 0x00000000a4900000| Untracked 
|  38|0x00000000a4a00000, 0x00000000a4a00000, 0x00000000a4b00000|  0%| F|  |TAMS 0x00000000a4a00000, 0x00000000a4a00000| Untracked 
|  39|0x00000000a4b00000, 0x00000000a4b00000, 0x00000000a4c00000|  0%| F|  |TAMS 0x00000000a4b00000, 0x00000000a4b00000| Untracked 
|  40|0x00000000a4c00000, 0x00000000a4c00000, 0x00000000a4d00000|  0%| F|  |TAMS 0x00000000a4c00000, 0x00000000a4c00000| Untracked 
|  41|0x00000000a4d00000, 0x00000000a4d00000, 0x00000000a4e00000|  0%| F|  |TAMS 0x00000000a4d00000, 0x00000000a4d00000| Untracked 
|  42|0x00000000a4e00000, 0x00000000a4e00000, 0x00000000a4f00000|  0%| F|  |TAMS 0x00000000a4e00000, 0x00000000a4e00000| Untracked 
|  43|0x00000000a4f00000, 0x00000000a4f00000, 0x00000000a5000000|  0%| F|  |TAMS 0x00000000a4f00000, 0x00000000a4f00000| Untracked 
|  44|0x00000000a5000000, 0x00000000a5000000, 0x00000000a5100000|  0%| F|  |TAMS 0x00000000a5000000, 0x00000000a5000000| Untracked 
|  45|0x00000000a5100000, 0x00000000a5100000, 0x00000000a5200000|  0%| F|  |TAMS 0x00000000a5100000, 0x00000000a5100000| Untracked 
|  46|0x00000000a5200000, 0x00000000a5200000, 0x00000000a5300000|  0%| F|  |TAMS 0x00000000a5200000, 0x00000000a5200000| Untracked 
|  47|0x00000000a5300000, 0x00000000a5300000, 0x00000000a5400000|  0%| F|  |TAMS 0x00000000a5300000, 0x00000000a5300000| Untracked 
|  48|0x00000000a5400000, 0x00000000a5400000, 0x00000000a5500000|  0%| F|  |TAMS 0x00000000a5400000, 0x00000000a5400000| Untracked 
|  49|0x00000000a5500000, 0x00000000a5500000, 0x00000000a5600000|  0%| F|  |TAMS 0x00000000a5500000, 0x00000000a5500000| Untracked 
|  50|0x00000000a5600000, 0x00000000a5600000, 0x00000000a5700000|  0%| F|  |TAMS 0x00000000a5600000, 0x00000000a5600000| Untracked 
|  51|0x00000000a5700000, 0x00000000a5700000, 0x00000000a5800000|  0%| F|  |TAMS 0x00000000a5700000, 0x00000000a5700000| Untracked 
|  52|0x00000000a5800000, 0x00000000a5800000, 0x00000000a5900000|  0%| F|  |TAMS 0x00000000a5800000, 0x00000000a5800000| Untracked 
|  53|0x00000000a5900000, 0x00000000a5900000, 0x00000000a5a00000|  0%| F|  |TAMS 0x00000000a5900000, 0x00000000a5900000| Untracked 
|  54|0x00000000a5a00000, 0x00000000a5a00000, 0x00000000a5b00000|  0%| F|  |TAMS 0x00000000a5a00000, 0x00000000a5a00000| Untracked 
|  55|0x00000000a5b00000, 0x00000000a5b00000, 0x00000000a5c00000|  0%| F|  |TAMS 0x00000000a5b00000, 0x00000000a5b00000| Untracked 
|  56|0x00000000a5c00000, 0x00000000a5c00000, 0x00000000a5d00000|  0%| F|  |TAMS 0x00000000a5c00000, 0x00000000a5c00000| Untracked 
|  57|0x00000000a5d00000, 0x00000000a5d00000, 0x00000000a5e00000|  0%| F|  |TAMS 0x00000000a5d00000, 0x00000000a5d00000| Untracked 
|  58|0x00000000a5e00000, 0x00000000a5e00000, 0x00000000a5f00000|  0%| F|  |TAMS 0x00000000a5e00000, 0x00000000a5e00000| Untracked 
|  59|0x00000000a5f00000, 0x00000000a5f00000, 0x00000000a6000000|  0%| F|  |TAMS 0x00000000a5f00000, 0x00000000a5f00000| Untracked 
|  60|0x00000000a6000000, 0x00000000a6000000, 0x00000000a6100000|  0%| F|  |TAMS 0x00000000a6000000, 0x00000000a6000000| Untracked 
|  61|0x00000000a6100000, 0x00000000a6100000, 0x00000000a6200000|  0%| F|  |TAMS 0x00000000a6100000, 0x00000000a6100000| Untracked 
|  62|0x00000000a6200000, 0x00000000a6200000, 0x00000000a6300000|  0%| F|  |TAMS 0x00000000a6200000, 0x00000000a6200000| Untracked 
|  63|0x00000000a6300000, 0x00000000a6300000, 0x00000000a6400000|  0%| F|  |TAMS 0x00000000a6300000, 0x00000000a6300000| Untracked 
|  64|0x00000000a6400000, 0x00000000a6400000, 0x00000000a6500000|  0%| F|  |TAMS 0x00000000a6400000, 0x00000000a6400000| Untracked 
|  65|0x00000000a6500000, 0x00000000a6500000, 0x00000000a6600000|  0%| F|  |TAMS 0x00000000a6500000, 0x00000000a6500000| Untracked 
|  66|0x00000000a6600000, 0x00000000a6600000, 0x00000000a6700000|  0%| F|  |TAMS 0x00000000a6600000, 0x00000000a6600000| Untracked 
|  67|0x00000000a6700000, 0x00000000a6700000, 0x00000000a6800000|  0%| F|  |TAMS 0x00000000a6700000, 0x00000000a6700000| Untracked 
|  68|0x00000000a6800000, 0x00000000a6900000, 0x00000000a6900000|100%| S|CS|TAMS 0x00000000a6800000, 0x00000000a6800000| Complete 
|  69|0x00000000a6900000, 0x00000000a6a00000, 0x00000000a6a00000|100%| S|CS|TAMS 0x00000000a6900000, 0x00000000a6900000| Complete 
|  70|0x00000000a6a00000, 0x00000000a6b00000, 0x00000000a6b00000|100%| S|CS|TAMS 0x00000000a6a00000, 0x00000000a6a00000| Complete 
|  71|0x00000000a6b00000, 0x00000000a6b00000, 0x00000000a6c00000|  0%| F|  |TAMS 0x00000000a6b00000, 0x00000000a6b00000| Untracked 
|  72|0x00000000a6c00000, 0x00000000a6c00000, 0x00000000a6d00000|  0%| F|  |TAMS 0x00000000a6c00000, 0x00000000a6c00000| Untracked 
|  73|0x00000000a6d00000, 0x00000000a6d00000, 0x00000000a6e00000|  0%| F|  |TAMS 0x00000000a6d00000, 0x00000000a6d00000| Untracked 
|  74|0x00000000a6e00000, 0x00000000a6e7afd8, 0x00000000a6f00000| 48%| E|  |TAMS 0x00000000a6e00000, 0x00000000a6e00000| Complete 
|  75|0x00000000a6f00000, 0x00000000a7000000, 0x00000000a7000000|100%| E|CS|TAMS 0x00000000a6f00000, 0x00000000a6f00000| Complete 
|  76|0x00000000a7000000, 0x00000000a7100000, 0x00000000a7100000|100%| E|CS|TAMS 0x00000000a7000000, 0x00000000a7000000| Complete 
|  77|0x00000000a7100000, 0x00000000a7200000, 0x00000000a7200000|100%| E|  |TAMS 0x00000000a7100000, 0x00000000a7100000| Complete 
|  78|0x00000000a7200000, 0x00000000a7300000, 0x00000000a7300000|100%| E|CS|TAMS 0x00000000a7200000, 0x00000000a7200000| Complete 
|  79|0x00000000a7300000, 0x00000000a7400000, 0x00000000a7400000|100%| E|CS|TAMS 0x00000000a7300000, 0x00000000a7300000| Complete 
|  80|0x00000000a7400000, 0x00000000a7500000, 0x00000000a7500000|100%| E|CS|TAMS 0x00000000a7400000, 0x00000000a7400000| Complete 
|  81|0x00000000a7500000, 0x00000000a7600000, 0x00000000a7600000|100%| E|CS|TAMS 0x00000000a7500000, 0x00000000a7500000| Complete 
|  82|0x00000000a7600000, 0x00000000a7700000, 0x00000000a7700000|100%| E|CS|TAMS 0x00000000a7600000, 0x00000000a7600000| Complete 
|  83|0x00000000a7700000, 0x00000000a7800000, 0x00000000a7800000|100%| E|CS|TAMS 0x00000000a7700000, 0x00000000a7700000| Complete 
|  84|0x00000000a7800000, 0x00000000a7900000, 0x00000000a7900000|100%| E|CS|TAMS 0x00000000a7800000, 0x00000000a7800000| Complete 
|  85|0x00000000a7900000, 0x00000000a7a00000, 0x00000000a7a00000|100%| E|CS|TAMS 0x00000000a7900000, 0x00000000a7900000| Complete 
|  86|0x00000000a7a00000, 0x00000000a7b00000, 0x00000000a7b00000|100%| E|CS|TAMS 0x00000000a7a00000, 0x00000000a7a00000| Complete 
|  87|0x00000000a7b00000, 0x00000000a7c00000, 0x00000000a7c00000|100%| E|CS|TAMS 0x00000000a7b00000, 0x00000000a7b00000| Complete 
|  88|0x00000000a7c00000, 0x00000000a7d00000, 0x00000000a7d00000|100%| E|CS|TAMS 0x00000000a7c00000, 0x00000000a7c00000| Complete 
|  89|0x00000000a7d00000, 0x00000000a7e00000, 0x00000000a7e00000|100%| E|CS|TAMS 0x00000000a7d00000, 0x00000000a7d00000| Complete 
|  90|0x00000000a7e00000, 0x00000000a7f00000, 0x00000000a7f00000|100%| E|CS|TAMS 0x00000000a7e00000, 0x00000000a7e00000| Complete 
|  91|0x00000000a7f00000, 0x00000000a8000000, 0x00000000a8000000|100%| E|CS|TAMS 0x00000000a7f00000, 0x00000000a7f00000| Complete 
|  92|0x00000000a8000000, 0x00000000a8100000, 0x00000000a8100000|100%| E|CS|TAMS 0x00000000a8000000, 0x00000000a8000000| Complete 
|  93|0x00000000a8100000, 0x00000000a8200000, 0x00000000a8200000|100%| E|CS|TAMS 0x00000000a8100000, 0x00000000a8100000| Complete 

Card table byte_map: [0x0000029f2a770000,0x0000029f2aa60000] _byte_map_base: 0x0000029f2a25e000

Marking Bits (Prev, Next): (CMBitMap*) 0x0000029f11774c60, (CMBitMap*) 0x0000029f11774ca0
 Prev Bits: [0x0000029f2ad50000, 0x0000029f2c4c0000)
 Next Bits: [0x0000029f2c4c0000, 0x0000029f2dc30000)

Polling page: 0x0000029f11460000

Metaspace:

Usage:
  Non-class:      8.68 MB used.
      Class:      1.28 MB used.
       Both:      9.96 MB used.

Virtual space:
  Non-class space:       64.00 MB reserved,       8.81 MB ( 14%) committed,  1 nodes.
      Class space:        1.00 GB reserved,       1.44 MB ( <1%) committed,  1 nodes.
             Both:        1.06 GB reserved,      10.25 MB ( <1%) committed. 

Chunk freelists:
   Non-Class:  6.52 MB
       Class:  14.48 MB
        Both:  21.00 MB

MaxMetaspaceSize: unlimited
CompressedClassSpaceSize: 1.00 GB
Initial GC threshold: 21.00 MB
Current GC threshold: 21.00 MB
CDS: on
MetaspaceReclaimPolicy: balanced
 - commit_granule_bytes: 65536.
 - commit_granule_words: 8192.
 - virtual_space_node_default_size: 8388608.
 - enlarge_chunks_in_place: 1.
 - new_chunks_are_fully_committed: 0.
 - uncommit_free_chunks: 1.
 - use_allocation_guard: 0.
 - handle_deallocations: 1.


Internal statistics:

num_allocs_failed_limit: 0.
num_arena_births: 246.
num_arena_deaths: 0.
num_vsnodes_births: 2.
num_vsnodes_deaths: 0.
num_space_committed: 164.
num_space_uncommitted: 0.
num_chunks_returned_to_freelist: 0.
num_chunks_taken_from_freelist: 597.
num_chunk_merges: 0.
num_chunk_splits: 371.
num_chunks_enlarged: 262.
num_inconsistent_stats: 0.

CodeHeap 'non-profiled nmethods': size=120000Kb used=646Kb max_used=646Kb free=119353Kb
 bounds [0x0000029f222c0000, 0x0000029f22530000, 0x0000029f297f0000]
CodeHeap 'profiled nmethods': size=120000Kb used=3136Kb max_used=3136Kb free=116864Kb
 bounds [0x0000029f1a7f0000, 0x0000029f1ab00000, 0x0000029f21d20000]
CodeHeap 'non-nmethods': size=5760Kb used=1170Kb max_used=1193Kb free=4590Kb
 bounds [0x0000029f21d20000, 0x0000029f21f90000, 0x0000029f222c0000]
 total_blobs=2200 nmethods=1743 adapters=369
 compilation: enabled
              stopped_count=0, restarted_count=0
 full_count=0

Compilation events (20 events):
Event: 5.399 Thread 0x0000029f30713980 nmethod 1706 0x0000029f1aaee810 code [0x0000029f1aaee9a0, 0x0000029f1aaeeab8]
Event: 5.399 Thread 0x0000029f30713980 1704       3       java.util.WeakHashMap::matchesKey (33 bytes)
Event: 5.399 Thread 0x0000029f30710740 nmethod 1692 0x0000029f2235ed10 code [0x0000029f2235eea0, 0x0000029f2235f198]
Event: 5.399 Thread 0x0000029f30713980 nmethod 1704 0x0000029f1aaeeb90 code [0x0000029f1aaeed60, 0x0000029f1aaef278]
Event: 5.399 Thread 0x0000029f30713980 1707       3       org.springframework.core.ResolvableType::forClass (9 bytes)
Event: 5.399 Thread 0x0000029f30710740 1708       4       java.lang.ref.SoftReference::get (29 bytes)
Event: 5.400 Thread 0x0000029f30713980 nmethod 1707 0x0000029f1aaef410 code [0x0000029f1aaef5c0, 0x0000029f1aaef748]
Event: 5.400 Thread 0x0000029f30713980 1709       3       org.springframework.boot.context.properties.source.ConfigurationPropertyName$Elements::newResolved (32 bytes)
Event: 5.400 Thread 0x0000029f30713980 nmethod 1709 0x0000029f1aaef810 code [0x0000029f1aaef9c0, 0x0000029f1aaefd08]
Event: 5.401 Thread 0x0000029f30710740 nmethod 1708 0x0000029f2235f390 code [0x0000029f2235f500, 0x0000029f2235f5d8]
Event: 5.402 Thread 0x0000029f30713980 1711   !   3       java.lang.invoke.MethodHandles$Lookup::canBeCached (150 bytes)
Event: 5.406 Thread 0x0000029f30713980 nmethod 1711 0x0000029f1aaefe10 code [0x0000029f1aaf0260, 0x0000029f1aaf2608]
Event: 5.406 Thread 0x0000029f30713980 1712       3       java.util.WeakHashMap::remove (131 bytes)
Event: 5.407 Thread 0x0000029f30713980 nmethod 1712 0x0000029f1aaf3210 code [0x0000029f1aaf3460, 0x0000029f1aaf3f98]
Event: 5.407 Thread 0x0000029f30713980 1713       3       org.springframework.boot.context.properties.source.SystemEnvironmentPropertyMapper::convertLegacyNameElement (15 bytes)
Event: 5.408 Thread 0x0000029f30713980 nmethod 1713 0x0000029f1aaf4390 code [0x0000029f1aaf4580, 0x0000029f1aaf4908]
Event: 5.414 Thread 0x0000029f30713980 1714       3       java.lang.reflect.Constructor::getRoot (5 bytes)
Event: 5.414 Thread 0x0000029f30713980 nmethod 1714 0x0000029f1aaf4a90 code [0x0000029f1aaf4c20, 0x0000029f1aaf4d38]
Event: 5.424 Thread 0x0000029f30713980 1715       1       java.lang.ClassLoader::getUnnamedModule (5 bytes)
Event: 5.424 Thread 0x0000029f30713980 nmethod 1715 0x0000029f2235fb10 code [0x0000029f2235fca0, 0x0000029f2235fd78]

GC Heap History (2 events):
Event: 2.579 GC heap before
{Heap before GC invocations=0 (full 0):
 garbage-first heap   total 96256K, used 25600K [0x00000000a2400000, 0x0000000100000000)
  region size 1024K, 23 young (23552K), 0 survivors (0K)
 Metaspace       used 5397K, committed 5696K, reserved 1114112K
  class space    used 629K, committed 768K, reserved 1048576K
}
Event: 2.585 GC heap after
{Heap after GC invocations=1 (full 0):
 garbage-first heap   total 96256K, used 7581K [0x00000000a2400000, 0x0000000100000000)
  region size 1024K, 3 young (3072K), 3 survivors (3072K)
 Metaspace       used 5397K, committed 5696K, reserved 1114112K
  class space    used 629K, committed 768K, reserved 1048576K
}

Dll operation events (11 events):
Event: 0.036 Loaded shared library C:\Users\Aniket\.jdks\corretto-17.0.14\bin\java.dll
Event: 0.073 Loaded shared library C:\Users\Aniket\.jdks\corretto-17.0.14\bin\jsvml.dll
Event: 0.344 Loaded shared library C:\Users\Aniket\.jdks\corretto-17.0.14\bin\zip.dll
Event: 0.350 Loaded shared library C:\Users\Aniket\.jdks\corretto-17.0.14\bin\instrument.dll
Event: 0.363 Loaded shared library C:\Users\Aniket\.jdks\corretto-17.0.14\bin\net.dll
Event: 0.368 Loaded shared library C:\Users\Aniket\.jdks\corretto-17.0.14\bin\nio.dll
Event: 0.374 Loaded shared library C:\Users\Aniket\.jdks\corretto-17.0.14\bin\zip.dll
Event: 0.582 Loaded shared library C:\Users\Aniket\.jdks\corretto-17.0.14\bin\extnet.dll
Event: 0.646 Loaded shared library C:\Users\Aniket\.jdks\corretto-17.0.14\bin\jimage.dll
Event: 2.247 Loaded shared library C:\Users\Aniket\.jdks\corretto-17.0.14\bin\management.dll
Event: 2.257 Loaded shared library C:\Users\Aniket\.jdks\corretto-17.0.14\bin\management_ext.dll

Deoptimization events (20 events):
Event: 2.744 Thread 0x0000029f768b2350 Uncommon trap: trap_request=0xffffffde fr.pc=0x0000029f223316ac relative=0x000000000000010c
Event: 2.744 Thread 0x0000029f768b2350 Uncommon trap: reason=class_check action=maybe_recompile pc=0x0000029f223316ac method=jdk.internal.misc.Unsafe.allocateUninitializedArray(Ljava/lang/Class;I)Ljava/lang/Object; @ 51 c2
Event: 2.744 Thread 0x0000029f768b2350 DEOPT PACKING pc=0x0000029f223316ac sp=0x000000ec7e5fcfa0
Event: 2.744 Thread 0x0000029f768b2350 DEOPT UNPACKING pc=0x0000029f21d769a3 sp=0x000000ec7e5fcf28 mode 2
Event: 2.744 Thread 0x0000029f768b2350 Uncommon trap: trap_request=0xffffffde fr.pc=0x0000029f223316ac relative=0x000000000000010c
Event: 2.744 Thread 0x0000029f768b2350 Uncommon trap: reason=class_check action=maybe_recompile pc=0x0000029f223316ac method=jdk.internal.misc.Unsafe.allocateUninitializedArray(Ljava/lang/Class;I)Ljava/lang/Object; @ 51 c2
Event: 2.744 Thread 0x0000029f768b2350 DEOPT PACKING pc=0x0000029f223316ac sp=0x000000ec7e5fcd90
Event: 2.744 Thread 0x0000029f768b2350 DEOPT UNPACKING pc=0x0000029f21d769a3 sp=0x000000ec7e5fcd18 mode 2
Event: 4.099 Thread 0x0000029f768b2350 Uncommon trap: trap_request=0xffffffc6 fr.pc=0x0000029f22323180 relative=0x00000000000004a0
Event: 4.099 Thread 0x0000029f768b2350 Uncommon trap: reason=bimorphic_or_optimized_type_check action=maybe_recompile pc=0x0000029f22323180 method=java.util.HashMap.getNode(Ljava/lang/Object;)Ljava/util/HashMap$Node; @ 63 c2
Event: 4.099 Thread 0x0000029f768b2350 DEOPT PACKING pc=0x0000029f22323180 sp=0x000000ec7e5fde40
Event: 4.099 Thread 0x0000029f768b2350 DEOPT UNPACKING pc=0x0000029f21d769a3 sp=0x000000ec7e5fddb8 mode 2
Event: 4.099 Thread 0x0000029f768b2350 Uncommon trap: trap_request=0xffffffc6 fr.pc=0x0000029f22323180 relative=0x00000000000004a0
Event: 4.100 Thread 0x0000029f768b2350 Uncommon trap: reason=bimorphic_or_optimized_type_check action=maybe_recompile pc=0x0000029f22323180 method=java.util.HashMap.getNode(Ljava/lang/Object;)Ljava/util/HashMap$Node; @ 63 c2
Event: 4.100 Thread 0x0000029f768b2350 DEOPT PACKING pc=0x0000029f22323180 sp=0x000000ec7e5fde40
Event: 4.100 Thread 0x0000029f768b2350 DEOPT UNPACKING pc=0x0000029f21d769a3 sp=0x000000ec7e5fddb8 mode 2
Event: 4.107 Thread 0x0000029f768b2350 Uncommon trap: trap_request=0xffffffc6 fr.pc=0x0000029f22323190 relative=0x00000000000004b0
Event: 4.107 Thread 0x0000029f768b2350 Uncommon trap: reason=bimorphic_or_optimized_type_check action=maybe_recompile pc=0x0000029f22323190 method=java.util.HashMap.getNode(Ljava/lang/Object;)Ljava/util/HashMap$Node; @ 128 c2
Event: 4.107 Thread 0x0000029f768b2350 DEOPT PACKING pc=0x0000029f22323190 sp=0x000000ec7e5fde40
Event: 4.107 Thread 0x0000029f768b2350 DEOPT UNPACKING pc=0x0000029f21d769a3 sp=0x000000ec7e5fddb8 mode 2

Classes loaded (20 events):
Event: 5.386 Loading class jdk/internal/access/JavaBeansAccess done
Event: 5.387 Loading class java/beans/Introspector$1 done
Event: 5.396 Loading class java/lang/AssertionError
Event: 5.397 Loading class java/lang/AssertionError done
Event: 5.398 Loading class sun/reflect/generics/scope/MethodScope
Event: 5.398 Loading class sun/reflect/generics/scope/MethodScope done
Event: 5.398 Loading class sun/reflect/generics/repository/MethodRepository
Event: 5.398 Loading class sun/reflect/generics/repository/MethodRepository done
Event: 5.398 Loading class java/util/AbstractList$ListItr
Event: 5.399 Loading class java/util/AbstractList$Itr
Event: 5.399 Loading class java/util/AbstractList$Itr done
Event: 5.399 Loading class java/util/AbstractList$ListItr done
Event: 5.409 Loading class java/io/Console
Event: 5.409 Loading class java/io/Console done
Event: 5.409 Loading class sun/nio/cs/IBM437
Event: 5.410 Loading class sun/nio/cs/IBM437 done
Event: 5.410 Loading class java/io/Console$2
Event: 5.410 Loading class jdk/internal/access/JavaIOAccess
Event: 5.411 Loading class jdk/internal/access/JavaIOAccess done
Event: 5.411 Loading class java/io/Console$2 done

Classes unloaded (0 events):
No events

Classes redefined (0 events):
No events

Internal exceptions (20 events):
Event: 2.877 Thread 0x0000029f768b2350 Exception <a 'java/lang/NoSuchMethodError'{0x00000000a7c87290}: 'java.lang.Object java.lang.invoke.DirectMethodHandle$Holder.newInvokeSpecial(java.lang.Object, java.lang.Object, java.lang.Object, java.lang.Object, java.lang.Object, java.lang.Object, int)'> (0x00000000a7c87290) 
thrown [s\src\hotspot\share\interpreter\linkResolver.cpp, line 759]
Event: 2.878 Thread 0x0000029f768b2350 Exception <a 'java/lang/NoSuchMethodError'{0x00000000a7c8c2d0}: 'java.lang.Object java.lang.invoke.DirectMethodHandle$Holder.invokeSpecial(java.lang.Object, java.lang.Object, java.lang.Object, java.lang.Object, java.lang.Object, java.lang.Object, java.lang.Object, int)'> (0x00000000a7c8c2d0) 
thrown [s\src\hotspot\share\interpreter\linkResolver.cpp, line 759]
Event: 2.948 Thread 0x0000029f768b2350 Exception <a 'java/lang/NoSuchMethodError'{0x00000000a7bbcf78}: 'int java.lang.invoke.DirectMethodHandle$Holder.invokeInterface(java.lang.Object, java.lang.Object)'> (0x00000000a7bbcf78) 
thrown [s\src\hotspot\share\interpreter\linkResolver.cpp, line 759]
Event: 2.957 Thread 0x0000029f768b2350 Exception <a 'java/lang/NoSuchMethodError'{0x00000000a7be2620}: 'void java.lang.invoke.DirectMethodHandle$Holder.invokeSpecial(java.lang.Object, java.lang.Object, java.lang.Object, java.lang.Object, java.lang.Object)'> (0x00000000a7be2620) 
thrown [s\src\hotspot\share\interpreter\linkResolver.cpp, line 759]
Event: 2.981 Thread 0x0000029f768b2350 Exception <a 'java/lang/NoSuchMethodError'{0x00000000a7a32a10}: 'int java.lang.invoke.DirectMethodHandle$Holder.invokeVirtual(java.lang.Object, java.lang.Object)'> (0x00000000a7a32a10) 
thrown [s\src\hotspot\share\interpreter\linkResolver.cpp, line 759]
Event: 3.019 Thread 0x0000029f768b2350 Exception <a 'java/lang/NoSuchMethodError'{0x00000000a7ad4880}: 'java.lang.Object java.lang.invoke.DirectMethodHandle$Holder.invokeSpecial(java.lang.Object, java.lang.Object, java.lang.Object, int, java.lang.Object)'> (0x00000000a7ad4880) 
thrown [s\src\hotspot\share\interpreter\linkResolver.cpp, line 759]
Event: 3.021 Thread 0x0000029f768b2350 Exception <a 'java/lang/NoSuchMethodError'{0x00000000a7adcee0}: 'java.lang.Object java.lang.invoke.DirectMethodHandle$Holder.newInvokeSpecial(java.lang.Object, java.lang.Object, java.lang.Object, int, java.lang.Object)'> (0x00000000a7adcee0) 
thrown [s\src\hotspot\share\interpreter\linkResolver.cpp, line 759]
Event: 3.022 Thread 0x0000029f768b2350 Exception <a 'java/lang/NoSuchMethodError'{0x00000000a7ae48b0}: 'java.lang.Object java.lang.invoke.Invokers$Holder.linkToTargetMethod(java.lang.Object, java.lang.Object, int, java.lang.Object, java.lang.Object)'> (0x00000000a7ae48b0) 
thrown [s\src\hotspot\share\interpreter\linkResolver.cpp, line 759]
Event: 3.026 Thread 0x0000029f768b2350 Exception <a 'java/lang/NoSuchMethodError'{0x00000000a7af64f8}: 'java.lang.Object java.lang.invoke.DirectMethodHandle$Holder.newInvokeSpecial(java.lang.Object, int, java.lang.Object)'> (0x00000000a7af64f8) 
thrown [s\src\hotspot\share\interpreter\linkResolver.cpp, line 759]
Event: 3.027 Thread 0x0000029f768b2350 Exception <a 'java/lang/NoSuchMethodError'{0x00000000a7afb1d8}: 'int java.lang.invoke.DirectMethodHandle$Holder.invokeSpecialIFC(java.lang.Object, java.lang.Object, java.lang.Object, java.lang.Object)'> (0x00000000a7afb1d8) 
thrown [s\src\hotspot\share\interpreter\linkResolver.cpp, line 759]
Event: 4.076 Thread 0x0000029f768b2350 Exception <a 'java/lang/NoSuchMethodError'{0x00000000a79e5348}: 'void java.lang.invoke.DirectMethodHandle$Holder.invokeInterface(java.lang.Object, java.lang.Object, java.lang.Object)'> (0x00000000a79e5348) 
thrown [s\src\hotspot\share\interpreter\linkResolver.cpp, line 759]
Event: 4.129 Thread 0x0000029f768b2350 Exception <a 'java/lang/NoSuchMethodError'{0x00000000a7895c50}: 'void java.lang.invoke.DirectMethodHandle$Holder.invokeStaticInit(java.lang.Object, java.lang.Object, java.lang.Object)'> (0x00000000a7895c50) 
thrown [s\src\hotspot\share\interpreter\linkResolver.cpp, line 759]
Event: 4.147 Thread 0x0000029f768b2350 Exception <a 'java/lang/NoSuchMethodError'{0x00000000a78e15a0}: 'java.lang.Object java.lang.invoke.DirectMethodHandle$Holder.invokeVirtual(java.lang.Object, java.lang.Object, java.lang.Object)'> (0x00000000a78e15a0) 
thrown [s\src\hotspot\share\interpreter\linkResolver.cpp, line 759]
Event: 4.190 Thread 0x0000029f768b2350 Exception <a 'java/lang/NoSuchMethodError'{0x00000000a7775d28}: 'void java.lang.invoke.DirectMethodHandle$Holder.invokeVirtual(java.lang.Object, java.lang.Object, java.lang.Object, java.lang.Object)'> (0x00000000a7775d28) 
thrown [s\src\hotspot\share\interpreter\linkResolver.cpp, line 759]
Event: 5.242 Thread 0x0000029f768b2350 Exception <a 'java/lang/NoSuchMethodError'{0x00000000a7629740}: 'java.lang.Object java.lang.invoke.DirectMethodHandle$Holder.invokeSpecial(java.lang.Object, java.lang.Object, long, java.lang.Object, java.lang.Object, java.lang.Object, java.lang.Object, java.lang.Object, java.lang.Object)'> (0x00000000a7629740) 
thrown [s\src\hotspot\share\interpreter\linkResolver.cpp, line 759]
Event: 5.242 Thread 0x0000029f768b2350 Exception <a 'java/lang/NoSuchMethodError'{0x00000000a762dfc0}: 'java.lang.Object java.lang.invoke.DelegatingMethodHandle$Holder.reinvoke_L(java.lang.Object, long, java.lang.Object, java.lang.Object, java.lang.Object, java.lang.Object, java.lang.Object, java.lang.Object)'> (0x00000000a762dfc0) 
thrown [s\src\hotspot\share\interpreter\linkResolver.cpp, line 759]
Event: 5.352 Thread 0x0000029f768b2350 Exception <a 'java/lang/NoSuchMethodError'{0x00000000a75eb668}: 'void java.lang.invoke.DirectMethodHandle$Holder.invokeSpecial(java.lang.Object, java.lang.Object, java.lang.Object)'> (0x00000000a75eb668) 
thrown [s\src\hotspot\share\interpreter\linkResolver.cpp, line 759]
Event: 5.373 Thread 0x0000029f768b2350 Exception <a 'java/lang/NoSuchMethodError'{0x00000000a74377a8}: 'java.lang.Object java.lang.invoke.DirectMethodHandle$Holder.invokeStatic(java.lang.Object, java.lang.Object, int)'> (0x00000000a74377a8) 
thrown [s\src\hotspot\share\interpreter\linkResolver.cpp, line 759]
Event: 5.375 Thread 0x0000029f768b2350 Exception <a 'java/lang/NoSuchMethodError'{0x00000000a74431c0}: 'void java.lang.invoke.DelegatingMethodHandle$Holder.delegate(java.lang.Object, java.lang.Object, int, java.lang.Object)'> (0x00000000a74431c0) 
thrown [s\src\hotspot\share\interpreter\linkResolver.cpp, line 759]
Event: 5.402 Thread 0x0000029f768b2350 Exception <a 'java/lang/IncompatibleClassChangeError'{0x00000000a738fe48}: Found class java.lang.Object, but interface was expected> (0x00000000a738fe48) 
thrown [s\src\hotspot\share\interpreter\linkResolver.cpp, line 826]

VM Operations (20 events):
Event: 0.640 Executing VM operation: HandshakeAllThreads done
Event: 0.653 Executing VM operation: HandshakeAllThreads
Event: 0.653 Executing VM operation: HandshakeAllThreads done
Event: 1.664 Executing VM operation: Cleanup
Event: 1.976 Executing VM operation: Cleanup done
Event: 2.539 Executing VM operation: HandshakeAllThreads
Event: 2.539 Executing VM operation: HandshakeAllThreads done
Event: 2.577 Executing VM operation: G1CollectForAllocation
Event: 2.585 Executing VM operation: G1CollectForAllocation done
Event: 3.585 Executing VM operation: Cleanup
Event: 3.585 Executing VM operation: Cleanup done
Event: 4.592 Executing VM operation: Cleanup
Event: 5.214 Executing VM operation: Cleanup done
Event: 5.347 Executing VM operation: HandshakeAllThreads
Event: 5.347 Executing VM operation: HandshakeAllThreads done
Event: 5.347 Executing VM operation: HandshakeAllThreads
Event: 5.347 Executing VM operation: HandshakeAllThreads done
Event: 5.373 Executing VM operation: HandshakeAllThreads
Event: 5.373 Executing VM operation: HandshakeAllThreads done
Event: 6.384 Executing VM operation: Cleanup

Memory protections (0 events):
No events

Nmethod flushes (0 events):
No events

Events (17 events):
Event: 0.073 Thread 0x0000029f11727ce0 Thread added: 0x0000029f11727ce0
Event: 0.079 Thread 0x0000029f11727ce0 Thread added: 0x0000029f306c6f80
Event: 0.079 Thread 0x0000029f11727ce0 Thread added: 0x0000029f306ca6c0
Event: 0.093 Thread 0x0000029f11727ce0 Thread added: 0x0000029f306d4d10
Event: 0.094 Thread 0x0000029f11727ce0 Thread added: 0x0000029f306d66e0
Event: 0.094 Thread 0x0000029f11727ce0 Thread added: 0x0000029f306e0bb0
Event: 0.094 Thread 0x0000029f11727ce0 Thread added: 0x0000029f307066a0
Event: 0.095 Thread 0x0000029f11727ce0 Thread added: 0x0000029f30710740
Event: 0.095 Thread 0x0000029f11727ce0 Thread added: 0x0000029f30713980
Event: 0.095 Thread 0x0000029f11727ce0 Thread added: 0x0000029f30714fa0
Event: 0.298 Thread 0x0000029f11727ce0 Thread added: 0x0000029f30b485c0
Event: 0.432 Thread 0x0000029f30713980 Thread added: 0x0000029f30c98be0
Event: 0.552 Thread 0x0000029f11727ce0 Thread added: 0x0000029f30d78900
Event: 0.552 Thread 0x0000029f11727ce0 Thread added: 0x0000029f30d6ccd0
Event: 2.380 Thread 0x0000029f11727ce0 Thread added: 0x0000029f76a0a770
Event: 2.389 Thread 0x0000029f76a0a770 Thread added: 0x0000029f768b2350
Event: 5.360 Thread 0x0000029f768b2350 Thread added: 0x0000029f76be2130


Dynamic libraries:
0x00007ff680b80000 - 0x00007ff680b8e000 	C:\Users\Aniket\.jdks\corretto-17.0.14\bin\java.exe
0x00007fffd5820000 - 0x00007fffd5a86000 	C:\WINDOWS\SYSTEM32\ntdll.dll
0x00007fffd4340000 - 0x00007fffd4409000 	C:\WINDOWS\System32\KERNEL32.DLL
0x00007fffd2cb0000 - 0x00007fffd30aa000 	C:\WINDOWS\System32\KERNELBASE.dll
0x00007fffd3160000 - 0x00007fffd32ac000 	C:\WINDOWS\System32\ucrtbase.dll
0x00007fffc00f0000 - 0x00007fffc010b000 	C:\Users\Aniket\.jdks\corretto-17.0.14\bin\VCRUNTIME140.dll
0x00007fffc0150000 - 0x00007fffc0167000 	C:\Users\Aniket\.jdks\corretto-17.0.14\bin\jli.dll
0x00007fffd4410000 - 0x00007fffd45d7000 	C:\WINDOWS\System32\USER32.dll
0x00007fffd32b0000 - 0x00007fffd32d7000 	C:\WINDOWS\System32\win32u.dll
0x00007fffd48c0000 - 0x00007fffd48eb000 	C:\WINDOWS\System32\GDI32.dll
0x00007fffb9d40000 - 0x00007fffb9fd2000 	C:\WINDOWS\WinSxS\amd64_microsoft.windows.common-controls_6595b64144ccf1df_6.0.26100.8521_none_3e08b75ce33403b3\COMCTL32.dll
0x00007fffd32e0000 - 0x00007fffd340b000 	C:\WINDOWS\System32\gdi32full.dll
0x00007fffd4900000 - 0x00007fffd49a9000 	C:\WINDOWS\System32\msvcrt.dll
0x00007fffd2ab0000 - 0x00007fffd2b53000 	C:\WINDOWS\System32\msvcp_win.dll
0x00007fffd3b50000 - 0x00007fffd3b82000 	C:\WINDOWS\System32\IMM32.DLL
0x0000000072c20000 - 0x0000000072c2c000 	C:\Program Files (x86)\360\Total Security\safemon\SafeWrapper.dll
0x00007fffd3930000 - 0x00007fffd39e6000 	C:\WINDOWS\System32\ADVAPI32.dll
0x00007fffd51c0000 - 0x00007fffd526a000 	C:\WINDOWS\System32\sechost.dll
0x00007fffd54e0000 - 0x00007fffd55f8000 	C:\WINDOWS\System32\RPCRT4.dll
0x00007fff648a0000 - 0x00007fff6494c000 	C:\Program Files (x86)\360\Total Security\safemon\libzdtp64.dll
0x00007fffd3b90000 - 0x00007fffd4314000 	C:\WINDOWS\System32\SHELL32.dll
0x00007fffd5770000 - 0x00007fffd57d7000 	C:\WINDOWS\System32\SHLWAPI.dll
0x00007fffd2390000 - 0x00007fffd239b000 	C:\WINDOWS\SYSTEM32\VERSION.dll
0x00007fffc69e0000 - 0x00007fffc69ec000 	C:\Users\Aniket\.jdks\corretto-17.0.14\bin\vcruntime140_1.dll
0x00007fff98380000 - 0x00007fff9840d000 	C:\Users\Aniket\.jdks\corretto-17.0.14\bin\msvcp140.dll
0x00007fff0a3a0000 - 0x00007fff0b00c000 	C:\Users\Aniket\.jdks\corretto-17.0.14\bin\server\jvm.dll
0x00007fffd5680000 - 0x00007fffd5700000 	C:\WINDOWS\System32\WS2_32.dll
0x00007fffd2930000 - 0x00007fffd298e000 	C:\WINDOWS\SYSTEM32\POWRPROF.dll
0x00007fffcb8e0000 - 0x00007fffcb916000 	C:\WINDOWS\SYSTEM32\WINMM.dll
0x00007fffd2910000 - 0x00007fffd2924000 	C:\WINDOWS\SYSTEM32\UMPDC.dll
0x00007fffd17a0000 - 0x00007fffd17bb000 	C:\WINDOWS\SYSTEM32\kernel.appcore.dll
0x00007fffc00c0000 - 0x00007fffc00ca000 	C:\Users\Aniket\.jdks\corretto-17.0.14\bin\jimage.dll
0x00007fffd0bf0000 - 0x00007fffd0e32000 	C:\WINDOWS\SYSTEM32\DBGHELP.DLL
0x00007fffd3590000 - 0x00007fffd3913000 	C:\WINDOWS\System32\combase.dll
0x00007fffd47e0000 - 0x00007fffd48b9000 	C:\WINDOWS\System32\OLEAUT32.dll
0x00007fffb2f00000 - 0x00007fffb2f3b000 	C:\WINDOWS\SYSTEM32\dbgcore.DLL
0x00007fffd30b0000 - 0x00007fffd3158000 	C:\WINDOWS\System32\bcryptPrimitives.dll
0x00007fffcd480000 - 0x00007fffcd48e000 	C:\Users\Aniket\.jdks\corretto-17.0.14\bin\instrument.dll
0x00007fffb3600000 - 0x00007fffb3625000 	C:\Users\Aniket\.jdks\corretto-17.0.14\bin\java.dll
0x00007fff5c4c0000 - 0x00007fff5c597000 	C:\Users\Aniket\.jdks\corretto-17.0.14\bin\jsvml.dll
0x00007fffd0220000 - 0x00007fffd0aa0000 	C:\WINDOWS\SYSTEM32\windows.storage.dll
0x00007fffd45e0000 - 0x00007fffd46d6000 	C:\WINDOWS\System32\SHCORE.dll
0x00007fffd29d0000 - 0x00007fffd29f9000 	C:\WINDOWS\SYSTEM32\profapi.dll
0x00007fffa9320000 - 0x00007fffa9338000 	C:\Users\Aniket\.jdks\corretto-17.0.14\bin\zip.dll
0x00007fffb1db0000 - 0x00007fffb1dc9000 	C:\Users\Aniket\.jdks\corretto-17.0.14\bin\net.dll
0x00007fffc6e20000 - 0x00007fffc6f49000 	C:\WINDOWS\SYSTEM32\WINHTTP.dll
0x00007fffd1d20000 - 0x00007fffd1d8c000 	C:\WINDOWS\system32\mswsock.dll
0x00007fffa9f30000 - 0x00007fffa9f46000 	C:\Users\Aniket\.jdks\corretto-17.0.14\bin\nio.dll
0x00007fffc00b0000 - 0x00007fffc00b9000 	C:\Users\Aniket\.jdks\corretto-17.0.14\bin\extnet.dll
0x00007fffb12b0000 - 0x00007fffb12b9000 	C:\Users\Aniket\.jdks\corretto-17.0.14\bin\management.dll
0x00007fffa9bf0000 - 0x00007fffa9bfb000 	C:\Users\Aniket\.jdks\corretto-17.0.14\bin\management_ext.dll
0x00007fffd51b0000 - 0x00007fffd51b8000 	C:\WINDOWS\System32\PSAPI.DLL

dbghelp: loaded successfully - version: 4.0.5 - missing functions: none
symbol engine: initialized successfully - sym options: 0x614 - pdb path: .;C:\Users\Aniket\.jdks\corretto-17.0.14\bin;C:\WINDOWS\SYSTEM32;C:\WINDOWS\WinSxS\amd64_microsoft.windows.common-controls_6595b64144ccf1df_6.0.26100.8521_none_3e08b75ce33403b3;C:\Program Files (x86)\360\Total Security\safemon;C:\Users\Aniket\.jdks\corretto-17.0.14\bin\server

VM Arguments:
jvm_args: -javaagent:C:\Program Files\JetBrains\IntelliJ IDEA Community Edition 2024.3.5\intellihe\IntelliJ IDEA Community Edition 2024.3.5\lib\idea_rt.jar=57016 -Dfile.encoding=UTF-8 
java_command: com.jobportal.JobPortalApplication
java_class_path (initial): D:\Job-Portal\Job-Portal-20260422T161850Z-3-001\Job-Portal\target\classes;C:\Users\Aniket\.m2\repository\org\springframework\boot\spring-boot-devtools\3.4.4\spring-boot-devtools-3.4.4.jar;C:\Users\Aniket\.m2\repository\org\springframework\boot\spring-boot\3.4.4\spring-boot-3.4.4.jar;C:\Users\Aniket\.m2\repository\org\springframework\spring-context\6.2.5\spring-context-6.2.5.jar;C:\Users\Aniket\.m2\repository\org\springframework\boot\spring-boot-autoconfigure\3.4.4\spring-boot-autoconfigure-3.4.4.jar;C:\Users\Aniket\.m2\repository\org\springframework\boot\spring-boot-starter-data-mongodb\3.4.4\spring-boot-starter-data-mongodb-3.4.4.jar;C:\Users\Aniket\.m2\repository\org\springframework\boot\spring-boot-starter\3.4.4\spring-boot-starter-3.4.4.jar;C:\Users\Aniket\.m2\repository\org\springframework\boot\spring-boot-starter-logging\3.4.4\spring-boot-starter-logging-3.4.4.jar;C:\Users\Aniket\.m2\repository\ch\qos\logback\logback-classic\1.5.18\logback-classic-1.5.18.jar;C:\Users\Aniket\.m2\repository\ch\qos\logback\logback-core\1.5.18\logback-core-1.5.18.jar;C:\Users\Aniket\.m2\repository\org\apache\logging\log4j\log4j-to-slf4j\2.24.3\log4j-to-slf4j-2.24.3.jar;C:\Users\Aniket\.m2\repository\org\apache\logging\log4j\log4j-api\2.24.3\log4j-api-2.24.3.jar;C:\Users\Aniket\.m2\repository\org\slf4j\jul-to-slf4j\2.0.17\jul-to-slf4j-2.0.17.jar;C:\Users\Aniket\.m2\repository\org\yaml\snakeyaml\2.3\snakeyaml-2.3.jar;C:\Users\Aniket\.m2\repository\org\mongodb\mongodb-driver-sync\5.2.1\mongodb-driver-sync-5.2.1.jar;C:\Users\Aniket\.m2\repository\org\mongodb\bson\5.2.1\bson-5.2.1.jar;C:\Users\Aniket\.m2\repository\org\mongodb\mongodb-driver-core\5.2.1\mongodb-driver-core-5.2.1.jar;C:\Users\Aniket\.m2\repository\org\mongodb\bson-record-codec\5.2.1\bson-record-codec-5.2.1.jar;C:\Users\Aniket\.m2\repository\org\springframework\data\spring-data-mongodb\4.4.4\spring-data-mongodb-4.4.4.jar;C:\Users\Aniket\.m2\repository\org\springframework\spring-tx\6.2.5\spring
Launcher Type: SUN_STANDARD

[Global flags]
     intx CICompilerCount                          = 4                                         {product} {ergonomic}
     uint ConcGCThreads                            = 3                                         {product} {ergonomic}
     uint G1ConcRefinementThreads                  = 10                                        {product} {ergonomic}
   size_t G1HeapRegionSize                         = 1048576                                   {product} {ergonomic}
    uintx GCDrainStackTargetSize                   = 64                                        {product} {ergonomic}
   size_t InitialHeapSize                          = 98566144                                  {product} {ergonomic}
   size_t MarkStackSize                            = 4194304                                   {product} {ergonomic}
   size_t MaxHeapSize                              = 1572864000                                {product} {ergonomic}
   size_t MaxNewSize                               = 943718400                                 {product} {ergonomic}
   size_t MinHeapDeltaBytes                        = 1048576                                   {product} {ergonomic}
   size_t MinHeapSize                              = 8388608                                   {product} {ergonomic}
    uintx NonNMethodCodeHeapSize                   = 5839372                                {pd product} {ergonomic}
    uintx NonProfiledCodeHeapSize                  = 122909434                              {pd product} {ergonomic}
    uintx ProfiledCodeHeapSize                     = 122909434                              {pd product} {ergonomic}
    uintx ReservedCodeCacheSize                    = 251658240                              {pd product} {ergonomic}
     bool SegmentedCodeCache                       = true                                      {product} {ergonomic}
   size_t SoftMaxHeapSize                          = 1572864000                             {manageable} {ergonomic}
     bool UseCompressedClassPointers               = true                           {product lp64_product} {ergonomic}
     bool UseCompressedOops                        = true                           {product lp64_product} {ergonomic}
     bool UseG1GC                                  = true                                      {product} {ergonomic}
     bool UseLargePagesIndividualAllocation        = false                                  {pd product} {ergonomic}

Logging:
Log output configuration:
 #0: stdout all=warning uptime,level,tags
 #1: stderr all=off uptime,level,tags

Environment Variables:
JAVA_HOME=C:\Program Files\Java\jdk1.8.0_202\include
CLASSPATH=C:\Program Files\Apache Software Foundation\Tomcat 9.0\lib\servlet-api.jar
PATH=C:\Python313\Scripts\;C:\Python313\;C:\Users\Aniket\Downloads\apache-maven-3.9.9-bin\apache-maven-3.9.9\bin;C:\Program Files (x86)\VMware\VMware Player\bin\;C:\Python312\Scripts\;C:\Python312\;C:\Windows\system32;C:\Windows;C:\Windows\System32\Wbem;C:\Windows\System32\WindowsPowerShell\v1.0\;C:\Windows\System32\OpenSSH\;C:\Program Files (x86)\NVIDIA Corporation\PhysX\Common;C:\Program Files\NVIDIA Corporation\NVIDIA NvDLISR;C:\WINDOWS\system32;C:\WINDOWS;C:\WINDOWS\System32\Wbem;C:\WINDOWS\System32\WindowsPowerShell\v1.0\;C:\WINDOWS\System32\OpenSSH\;C:\Program Files\Microchip\xc8\v2.46\bin;C:\Program Files\Microchip\xc-dsc\v3.00\bin;C:\Program Files\Microchip\xc16\v2.10\bin;C:\Program Files\Microchip\xc32\v4.35\bin;C:\Program Files (x86)\Microchip\MPLAB C32 Suite\bin;C:\ProgramData\chocolatey\bin;C:\Program Files (x86)\Microchip\xc8\v1.30\bin;C:\Program Files\Java\jdk-23\bin;C:\Program Files\Java\jdk1.8.0_202\include\bin;C:\Program Files\nodejs\;C:\Program Files\Git\cmd;C:\Program Files\MySQL\MySQL Shell 8.0\bin\;C:\Program Files (x86)\Microchip\mplabc18\v3.45\mpasm;C:\Program Files (x86)\Microchip\mplabc18\v3.45\bin;C:\Users\Aniket\AppData\Local\Microsoft\WindowsApps;C:\Users\Aniket\AppData\Local\Programs\Microsoft VS Code\bin;C:\Program Files\JetBrains\IntelliJ IDEA Community Edition 2024.3.5\intellihe\IntelliJ IDEA Community Edition 2024.3.5\bin;;C:\Users\Aniket\AppData\Roaming\npm;C:\Users\Aniket\AppData\Local\GitHubDesktop\bin
USERNAME=Aniket
OS=Windows_NT
PROCESSOR_IDENTIFIER=AMD64 Family 25 Model 80 Stepping 0, AuthenticAMD
TMP=C:\Users\Aniket\AppData\Local\Temp
TEMP=C:\Users\Aniket\AppData\Local\Temp



Periodic native trim disabled


---------------  S Y S T E M  ---------------

OS:
 Windows 11 , 64 bit Build 26100 (10.0.26100.8521)
OS uptime: 0 days 3:56 hours
Hyper-V role detected

CPU: total 12 (initial active 12) (12 cores per cpu, 2 threads per core) family 25 model 80 stepping 0 microcode 0xa50000c, cx8, cmov, fxsr, ht, mmx, 3dnowpref, sse, sse2, sse3, ssse3, sse4a, sse4.1, sse4.2, popcnt, lzcnt, tsc, tscinvbit, avx, avx2, aes, erms, clmul, bmi1, bmi2, adx, sha, fma, vzeroupper, clflush, clflushopt, hv
Processor Information for processor 0
  Max Mhz: 3301, Current Mhz: 1908, Mhz Limit: 3301
Processor Information for processor 1
  Max Mhz: 3301, Current Mhz: 1908, Mhz Limit: 3301
Processor Information for processor 2
  Max Mhz: 3301, Current Mhz: 1805, Mhz Limit: 3301
Processor Information for processor 3
  Max Mhz: 3301, Current Mhz: 1908, Mhz Limit: 3301
Processor Information for processor 4
  Max Mhz: 3301, Current Mhz: 1805, Mhz Limit: 3301
Processor Information for processor 5
  Max Mhz: 3301, Current Mhz: 1805, Mhz Limit: 3301
Processor Information for processor 6
  Max Mhz: 3301, Current Mhz: 1908, Mhz Limit: 3301
Processor Information for processor 7
  Max Mhz: 3301, Current Mhz: 1908, Mhz Limit: 3301
Processor Information for processor 8
  Max Mhz: 3301, Current Mhz: 1908, Mhz Limit: 3301
Processor Information for processor 9
  Max Mhz: 3301, Current Mhz: 1805, Mhz Limit: 3301
Processor Information for processor 10
  Max Mhz: 3301, Current Mhz: 1805, Mhz Limit: 3301
Processor Information for processor 11
  Max Mhz: 3301, Current Mhz: 1805, Mhz Limit: 3301

Memory: 4k page, system-wide physical 5996M (443M free)
TotalPageFile size 24428M (AvailPageFile size 5M)
current process WorkingSet (physical memory assigned to process): 91M, peak: 96M
current process commit charge ("private bytes"): 202M, peak: 206M

vm_info: OpenJDK 64-Bit Server VM (17.0.14+7-LTS) for windows-amd64 JRE (17.0.14+7-LTS), built on Jan  7 2025 20:14:24 by "Administrator" with MS VC++ 16.10 / 16.11 (VS2019)

END.
