#
# There is insufficient memory for the Java Runtime Environment to continue.
# Native memory allocation (malloc) failed to allocate 533056 bytes. Error detail: Chunk::new
# Possible reasons:
#   The system is out of physical RAM or swap space
#   This process is running with CompressedOops enabled, and the Java Heap may be blocking the growth of the native heap
# Possible solutions:
#   Reduce memory load on the system
#   Increase physical memory or swap space
#   Check if swap backing store is full
#   Decrease Java heap size (-Xmx/-Xms)
#   Decrease number of Java threads
#   Decrease Java thread stack sizes (-Xss)
#   Set larger code cache with -XX:ReservedCodeCacheSize=
#   JVM is running with Unscaled Compressed Oops mode in which the Java heap is
#     placed in the first 4GB address space. The Java Heap base address is the
#     maximum limit for the native heap growth. Please use -XX:HeapBaseMinAddress
#     to set the Java Heap base and to place the Java Heap above 4GB virtual address.
# This output file may be truncated or incomplete.
#
#  Out of Memory Error (arena.cpp:191), pid=6680, tid=28372
#
# JRE version: OpenJDK Runtime Environment Corretto-17.0.14.7.1 (17.0.14+7) (build 17.0.14+7-LTS)
# Java VM: OpenJDK 64-Bit Server VM Corretto-17.0.14.7.1 (17.0.14+7-LTS, mixed mode, sharing, tiered, compressed oops, compressed class ptrs, g1 gc, windows-amd64)
# No core dump will be written. Minidumps are not enabled by default on client versions of Windows
#

---------------  S U M M A R Y ------------

Command Line: -javaagent:C:\Program Files\JetBrains\IntelliJ IDEA Community Edition 2024.3.5\intellihe\IntelliJ IDEA Community Edition 2024.3.5\lib\idea_rt.jar=52426 -Dfile.encoding=UTF-8 com.jobportal.JobPortalApplication

Host: AMD Ryzen 5 5600H with Radeon Graphics         , 12 cores, 5G,  Windows 11 , 64 bit Build 26100 (10.0.26100.8521)
Time: Sat Jun 20 02:10:46 2026 India Standard Time elapsed time: 303.825534 seconds (0d 0h 5m 3s)

---------------  T H R E A D  ---------------

Current thread (0x000001f6aee3a5d0):  JavaThread "C2 CompilerThread0" daemon [_thread_in_native, id=28372, stack(0x0000003f4b500000,0x0000003f4b600000)]


Current CompileTask:
C2: 303826 7223       4       java.net.URLStreamHandler::parseURL (1201 bytes)

Stack: [0x0000003f4b500000,0x0000003f4b600000]
Native frames: (J=compiled Java code, j=interpreted, Vv=VM code, C=native code)
V  [jvm.dll+0x681069]
V  [jvm.dll+0x838cca]
V  [jvm.dll+0x83a78e]
V  [jvm.dll+0x83adf3]
V  [jvm.dll+0x24826f]
V  [jvm.dll+0xac9f4]
V  [jvm.dll+0xad03c]
V  [jvm.dll+0x2af8ef]
V  [jvm.dll+0x5874f7]
V  [jvm.dll+0x2230d2]
V  [jvm.dll+0x2234cf]
V  [jvm.dll+0x21c5e0]
V  [jvm.dll+0x219ae1]
V  [jvm.dll+0x1a599d]
V  [jvm.dll+0x22994d]
V  [jvm.dll+0x227adc]
V  [jvm.dll+0x7edb77]
V  [jvm.dll+0x7e7f6c]
V  [jvm.dll+0x67ff37]
C  [ucrtbase.dll+0x2cd30]
C  [KERNEL32.DLL+0x2e957]
C  [ntdll.dll+0x87c1c]


---------------  P R O C E S S  ---------------

Threads class SMR info:
_java_thread_list=0x000001f6f9f1d020, length=43, elements={
0x000001f6aee1a230, 0x000001f6aee1d970, 0x000001f6aee27c30, 0x000001f6aee29600,
0x000001f6aee2f770, 0x000001f6aee34cb0, 0x000001f6aee3a5d0, 0x000001f6aee4fbc0,
0x000001f6af1c10a0, 0x000001f6af2a4d60, 0x000001f6af3482e0, 0x000001f6af3487c0,
0x000001f6f514f3c0, 0x000001f6f5150800, 0x000001f6f51502f0, 0x000001f6f514e9a0,
0x000001f6f514eeb0, 0x000001f6f569e4f0, 0x000001f6f56a0860, 0x000001f6f569dfe0,
0x000001f6f569f930, 0x000001f6f56a1280, 0x000001f6f569ef10, 0x000001f6f569f420,
0x000001f6f569dad0, 0x000001f6f56a1790, 0x000001f6f56a0350, 0x000001f6f56a21b0,
0x000001f6f569ea00, 0x000001f6f56a26c0, 0x000001f6f56a2bd0, 0x000001f6f56a4a30,
0x000001f6f56a30e0, 0x000001f6f56a35f0, 0x000001f6f56a3b00, 0x000001f6f56a4520,
0x000001f6f56a4f40, 0x000001f6f56a4010, 0x000001f6f514e490, 0x000001f6f514f8d0,
0x000001f6f5150d10, 0x000001f6f5f0b330, 0x000001f6f60120c0
}

Java Threads: ( => current thread )
  0x000001f6aee1a230 JavaThread "Reference Handler" daemon [_thread_blocked, id=18728, stack(0x0000003f4af00000,0x0000003f4b000000)]
  0x000001f6aee1d970 JavaThread "Finalizer" daemon [_thread_blocked, id=11256, stack(0x0000003f4b000000,0x0000003f4b100000)]
  0x000001f6aee27c30 JavaThread "Signal Dispatcher" daemon [_thread_blocked, id=24328, stack(0x0000003f4b100000,0x0000003f4b200000)]
  0x000001f6aee29600 JavaThread "Attach Listener" daemon [_thread_blocked, id=27056, stack(0x0000003f4b200000,0x0000003f4b300000)]
  0x000001f6aee2f770 JavaThread "Service Thread" daemon [_thread_blocked, id=6096, stack(0x0000003f4b300000,0x0000003f4b400000)]
  0x000001f6aee34cb0 JavaThread "Monitor Deflation Thread" daemon [_thread_blocked, id=8336, stack(0x0000003f4b400000,0x0000003f4b500000)]
=>0x000001f6aee3a5d0 JavaThread "C2 CompilerThread0" daemon [_thread_in_native, id=28372, stack(0x0000003f4b500000,0x0000003f4b600000)]
  0x000001f6aee4fbc0 JavaThread "C1 CompilerThread0" daemon [_thread_blocked, id=10700, stack(0x0000003f4b600000,0x0000003f4b700000)]
  0x000001f6af1c10a0 JavaThread "Sweeper thread" daemon [_thread_blocked, id=26128, stack(0x0000003f4b700000,0x0000003f4b800000)]
  0x000001f6af2a4d60 JavaThread "Common-Cleaner" daemon [_thread_blocked, id=18060, stack(0x0000003f4b800000,0x0000003f4b900000)]
  0x000001f6af3482e0 JavaThread "Monitor Ctrl-Break" daemon [_thread_in_native, id=26336, stack(0x0000003f4ba00000,0x0000003f4bb00000)]
  0x000001f6af3487c0 JavaThread "Notification Thread" daemon [_thread_blocked, id=17436, stack(0x0000003f4bb00000,0x0000003f4bc00000)]
  0x000001f6f514f3c0 JavaThread "Thread-4" daemon [_thread_in_native, id=12648, stack(0x0000003f4c400000,0x0000003f4c500000)]
  0x000001f6f5150800 JavaThread "BufferPoolPruner-1-thread-1" daemon [_thread_blocked, id=14016, stack(0x0000003f4cc00000,0x0000003f4cd00000)]
  0x000001f6f51502f0 JavaThread "cluster-ClusterId{value='6a35a824ce36845e8b13ffc7', description='null'}-ac-xktkc2u-shard-00-00.elznu2e.mongodb.net:27017" daemon [_thread_in_native, id=12324, stack(0x0000003f4ce00000,0x0000003f4cf00000)]
  0x000001f6f514e9a0 JavaThread "cluster-ClusterId{value='6a35a824ce36845e8b13ffc7', description='null'}-ac-xktkc2u-shard-00-01.elznu2e.mongodb.net:27017" daemon [_thread_in_native, id=22248, stack(0x0000003f4cf00000,0x0000003f4d000000)]
  0x000001f6f514eeb0 JavaThread "cluster-ClusterId{value='6a35a824ce36845e8b13ffc7', description='null'}-ac-xktkc2u-shard-00-02.elznu2e.mongodb.net:27017" daemon [_thread_in_native, id=6676, stack(0x0000003f4d000000,0x0000003f4d100000)]
  0x000001f6f569e4f0 JavaThread "cluster-rtt-ClusterId{value='6a35a824ce36845e8b13ffc7', description='null'}-ac-xktkc2u-shard-00-00.elznu2e.mongodb.net:27017" daemon [_thread_blocked, id=22512, stack(0x0000003f4d200000,0x0000003f4d300000)]
  0x000001f6f56a0860 JavaThread "cluster-rtt-ClusterId{value='6a35a824ce36845e8b13ffc7', description='null'}-ac-xktkc2u-shard-00-02.elznu2e.mongodb.net:27017" daemon [_thread_blocked, id=18592, stack(0x0000003f4d300000,0x0000003f4d400000)]
  0x000001f6f569dfe0 JavaThread "cluster-rtt-ClusterId{value='6a35a824ce36845e8b13ffc7', description='null'}-ac-xktkc2u-shard-00-01.elznu2e.mongodb.net:27017" daemon [_thread_blocked, id=24724, stack(0x0000003f4d400000,0x0000003f4d500000)]
  0x000001f6f569f930 JavaThread "MaintenanceTimer-4-thread-1" daemon [_thread_blocked, id=23868, stack(0x0000003f4d500000,0x0000003f4d600000)]
  0x000001f6f56a1280 JavaThread "MaintenanceTimer-3-thread-1" daemon [_thread_blocked, id=5848, stack(0x0000003f4d600000,0x0000003f4d700000)]
  0x000001f6f569ef10 JavaThread "MaintenanceTimer-2-thread-1" daemon [_thread_blocked, id=23376, stack(0x0000003f4d700000,0x0000003f4d800000)]
  0x000001f6f569f420 JavaThread "Catalina-utility-1" [_thread_blocked, id=23916, stack(0x0000003f4d800000,0x0000003f4d900000)]
  0x000001f6f569dad0 JavaThread "Catalina-utility-2" [_thread_blocked, id=14652, stack(0x0000003f4d900000,0x0000003f4da00000)]
  0x000001f6f56a1790 JavaThread "container-0" [_thread_blocked, id=21824, stack(0x0000003f4da00000,0x0000003f4db00000)]
  0x000001f6f56a0350 JavaThread "Live Reload Server" daemon [_thread_in_native, id=16340, stack(0x0000003f4dc00000,0x0000003f4dd00000)]
  0x000001f6f56a21b0 JavaThread "File Watcher" daemon [_thread_blocked, id=26992, stack(0x0000003f4db00000,0x0000003f4dc00000)]
  0x000001f6f569ea00 JavaThread "http-nio-8080-exec-1" daemon [_thread_blocked, id=27272, stack(0x0000003f4dd00000,0x0000003f4de00000)]
  0x000001f6f56a26c0 JavaThread "http-nio-8080-exec-2" daemon [_thread_in_native, id=8484, stack(0x0000003f4de00000,0x0000003f4df00000)]
  0x000001f6f56a2bd0 JavaThread "http-nio-8080-exec-3" daemon [_thread_blocked, id=20128, stack(0x0000003f4df00000,0x0000003f4e000000)]
  0x000001f6f56a4a30 JavaThread "http-nio-8080-exec-4" daemon [_thread_blocked, id=19304, stack(0x0000003f4e000000,0x0000003f4e100000)]
  0x000001f6f56a30e0 JavaThread "http-nio-8080-exec-5" daemon [_thread_blocked, id=16624, stack(0x0000003f4e100000,0x0000003f4e200000)]
  0x000001f6f56a35f0 JavaThread "http-nio-8080-exec-6" daemon [_thread_blocked, id=21204, stack(0x0000003f4e200000,0x0000003f4e300000)]
  0x000001f6f56a3b00 JavaThread "http-nio-8080-exec-7" daemon [_thread_blocked, id=9444, stack(0x0000003f4e300000,0x0000003f4e400000)]
  0x000001f6f56a4520 JavaThread "http-nio-8080-exec-8" daemon [_thread_blocked, id=6664, stack(0x0000003f4e400000,0x0000003f4e500000)]
  0x000001f6f56a4f40 JavaThread "http-nio-8080-exec-9" daemon [_thread_blocked, id=26548, stack(0x0000003f4e500000,0x0000003f4e600000)]
  0x000001f6f56a4010 JavaThread "http-nio-8080-exec-10" daemon [_thread_blocked, id=10188, stack(0x0000003f4e600000,0x0000003f4e700000)]
  0x000001f6f514e490 JavaThread "http-nio-8080-Poller" daemon [_thread_in_native, id=13832, stack(0x0000003f4e700000,0x0000003f4e800000)]
  0x000001f6f514f8d0 JavaThread "http-nio-8080-Acceptor" daemon [_thread_in_native, id=9008, stack(0x0000003f4e800000,0x0000003f4e900000)]
  0x000001f6f5150d10 JavaThread "scheduling-1" [_thread_blocked, id=27288, stack(0x0000003f4e900000,0x0000003f4ea00000)]
  0x000001f6f5f0b330 JavaThread "DestroyJavaVM" [_thread_blocked, id=3528, stack(0x0000003f4a800000,0x0000003f4a900000)]
  0x000001f6f60120c0 JavaThread "C2 CompilerThread1" daemon [_thread_in_native, id=26392, stack(0x0000003f4a500000,0x0000003f4a600000)]

Other Threads:
  0x000001f6aee11b50 VMThread "VM Thread" [stack: 0x0000003f4ae00000,0x0000003f4af00000] [id=6128]
  0x000001f6af436f60 WatcherThread [stack: 0x0000003f4bc00000,0x0000003f4bd00000] [id=15484]
  0x000001f68fec7610 GCTaskThread "GC Thread#0" [stack: 0x0000003f4a900000,0x0000003f4aa00000] [id=22160]
  0x000001f6f502ac80 GCTaskThread "GC Thread#1" [stack: 0x0000003f4bf00000,0x0000003f4c000000] [id=16408]
  0x000001f6af955790 GCTaskThread "GC Thread#2" [stack: 0x0000003f4c000000,0x0000003f4c100000] [id=2140]
  0x000001f6af8962d0 GCTaskThread "GC Thread#3" [stack: 0x0000003f4c100000,0x0000003f4c200000] [id=26236]
  0x000001f6af896590 GCTaskThread "GC Thread#4" [stack: 0x0000003f4c200000,0x0000003f4c300000] [id=16248]
  0x000001f6af896c50 GCTaskThread "GC Thread#5" [stack: 0x0000003f4c300000,0x0000003f4c400000] [id=5736]
  0x000001f6f53538f0 GCTaskThread "GC Thread#6" [stack: 0x0000003f4c600000,0x0000003f4c700000] [id=26132]
  0x000001f6f586ad00 GCTaskThread "GC Thread#7" [stack: 0x0000003f4c700000,0x0000003f4c800000] [id=19176]
  0x000001f6f5373ce0 GCTaskThread "GC Thread#8" [stack: 0x0000003f4c800000,0x0000003f4c900000] [id=7092]
  0x000001f6f6f64990 GCTaskThread "GC Thread#9" [stack: 0x0000003f4c900000,0x0000003f4ca00000] [id=13568]
  0x000001f68fed4180 ConcurrentGCThread "G1 Main Marker" [stack: 0x0000003f4aa00000,0x0000003f4ab00000] [id=26448]
  0x000001f68fed69f0 ConcurrentGCThread "G1 Conc#0" [stack: 0x0000003f4ab00000,0x0000003f4ac00000] [id=18820]
  0x000001f6f6f651d0 ConcurrentGCThread "G1 Conc#1" [stack: 0x0000003f4ca00000,0x0000003f4cb00000] [id=23756]
  0x000001f6f6f64c50 ConcurrentGCThread "G1 Conc#2" [stack: 0x0000003f4cb00000,0x0000003f4cc00000] [id=25396]
  0x000001f6aeccb950 ConcurrentGCThread "G1 Refine#0" [stack: 0x0000003f4ac00000,0x0000003f4ad00000] [id=15220]
  0x000001f6aeccc290 ConcurrentGCThread "G1 Service" [stack: 0x0000003f4ad00000,0x0000003f4ae00000] [id=2876]

Threads with active compile tasks:
C2 CompilerThread0   306965 7223       4       java.net.URLStreamHandler::parseURL (1201 bytes)
C2 CompilerThread1   306965 7229   !   4       java.lang.reflect.Executable::declaredAnnotations (85 bytes)

VM state: not at safepoint (normal execution)

VM Mutex/Monitor currently owned by a thread: None

Heap address: 0x00000000a2400000, size: 1500 MB, Compressed Oops mode: 32-bit

CDS archive(s) mapped at: [0x000001f6b0000000-0x000001f6b0bb0000-0x000001f6b0bb0000), size 12255232, SharedBaseAddress: 0x000001f6b0000000, ArchiveRelocationMode: 1.
Compressed class space mapped at: 0x000001f6b1000000-0x000001f6f1000000, reserved size: 1073741824
Narrow klass base: 0x000001f6b0000000, Narrow klass shift: 0, Narrow klass range: 0x100000000

GC Precious Log:
 CPUs: 12 total, 12 available
 Memory: 5996M
 Large Page Support: Disabled
 NUMA Support: Disabled
 Compressed Oops: Enabled (32-bit)
 Heap Region Size: 1M
 Heap Min Capacity: 8M
 Heap Initial Capacity: 94M
 Heap Max Capacity: 1500M
 Pre-touch: Disabled
 Parallel Workers: 10
 Concurrent Workers: 3
 Concurrent Refinement Workers: 10
 Periodic GC: Disabled

Heap:
 garbage-first heap   total 66560K, used 45695K [0x00000000a2400000, 0x0000000100000000)
  region size 1024K, 17 young (17408K), 2 survivors (2048K)
 Metaspace       used 55599K, committed 56128K, reserved 1114112K
  class space    used 7310K, committed 7552K, reserved 1048576K

Heap Regions: E=young(eden), S=young(survivor), O=old, HS=humongous(starts), HC=humongous(continues), CS=collection set, F=free, OA=open archive, CA=closed archive, TAMS=top-at-mark-start (previous, next)
|   0|0x00000000a2400000, 0x00000000a2500000, 0x00000000a2500000|100%|HS|  |TAMS 0x00000000a2500000, 0x00000000a2400000| Complete 
|   1|0x00000000a2500000, 0x00000000a2600000, 0x00000000a2600000|100%|HS|  |TAMS 0x00000000a2600000, 0x00000000a2500000| Complete 
|   2|0x00000000a2600000, 0x00000000a2700000, 0x00000000a2700000|100%| O|  |TAMS 0x00000000a2700000, 0x00000000a2600000| Untracked 
|   3|0x00000000a2700000, 0x00000000a2800000, 0x00000000a2800000|100%| O|  |TAMS 0x00000000a2800000, 0x00000000a2700000| Untracked 
|   4|0x00000000a2800000, 0x00000000a2900000, 0x00000000a2900000|100%| O|  |TAMS 0x00000000a2900000, 0x00000000a2800000| Untracked 
|   5|0x00000000a2900000, 0x00000000a2a00000, 0x00000000a2a00000|100%| O|  |TAMS 0x00000000a2a00000, 0x00000000a2900000| Untracked 
|   6|0x00000000a2a00000, 0x00000000a2b00000, 0x00000000a2b00000|100%| O|  |TAMS 0x00000000a2b00000, 0x00000000a2a00000| Untracked 
|   7|0x00000000a2b00000, 0x00000000a2bea000, 0x00000000a2c00000| 91%| O|  |TAMS 0x00000000a2bea000, 0x00000000a2b00000| Untracked 
|   8|0x00000000a2c00000, 0x00000000a2d00000, 0x00000000a2d00000|100%| O|  |TAMS 0x00000000a2d00000, 0x00000000a2c00000| Untracked 
|   9|0x00000000a2d00000, 0x00000000a2e00000, 0x00000000a2e00000|100%| O|  |TAMS 0x00000000a2e00000, 0x00000000a2d00000| Untracked 
|  10|0x00000000a2e00000, 0x00000000a2f00000, 0x00000000a2f00000|100%| O|  |TAMS 0x00000000a2f00000, 0x00000000a2e00000| Untracked 
|  11|0x00000000a2f00000, 0x00000000a3000000, 0x00000000a3000000|100%| O|  |TAMS 0x00000000a3000000, 0x00000000a2f00000| Untracked 
|  12|0x00000000a3000000, 0x00000000a3100000, 0x00000000a3100000|100%| O|  |TAMS 0x00000000a3100000, 0x00000000a3000000| Untracked 
|  13|0x00000000a3100000, 0x00000000a3200000, 0x00000000a3200000|100%| O|  |TAMS 0x00000000a3200000, 0x00000000a3100000| Untracked 
|  14|0x00000000a3200000, 0x00000000a3300000, 0x00000000a3300000|100%| O|  |TAMS 0x00000000a3300000, 0x00000000a3200000| Untracked 
|  15|0x00000000a3300000, 0x00000000a3400000, 0x00000000a3400000|100%| O|  |TAMS 0x00000000a3400000, 0x00000000a3300000| Complete 
|  16|0x00000000a3400000, 0x00000000a3500000, 0x00000000a3500000|100%| O|  |TAMS 0x00000000a3500000, 0x00000000a3400000| Untracked 
|  17|0x00000000a3500000, 0x00000000a3600000, 0x00000000a3600000|100%| O|  |TAMS 0x00000000a3600000, 0x00000000a3500000| Untracked 
|  18|0x00000000a3600000, 0x00000000a3700000, 0x00000000a3700000|100%| O|  |TAMS 0x00000000a3700000, 0x00000000a3600000| Untracked 
|  19|0x00000000a3700000, 0x00000000a3800000, 0x00000000a3800000|100%| O|  |TAMS 0x00000000a3800000, 0x00000000a3700000| Untracked 
|  20|0x00000000a3800000, 0x00000000a3900000, 0x00000000a3900000|100%| O|  |TAMS 0x00000000a3900000, 0x00000000a3800000| Untracked 
|  21|0x00000000a3900000, 0x00000000a3a00000, 0x00000000a3a00000|100%| O|  |TAMS 0x00000000a3a00000, 0x00000000a3900000| Untracked 
|  22|0x00000000a3a00000, 0x00000000a3b00000, 0x00000000a3b00000|100%| O|  |TAMS 0x00000000a3b00000, 0x00000000a3a00000| Untracked 
|  23|0x00000000a3b00000, 0x00000000a3c00000, 0x00000000a3c00000|100%| O|  |TAMS 0x00000000a3c00000, 0x00000000a3b00000| Untracked 
|  24|0x00000000a3c00000, 0x00000000a3d00000, 0x00000000a3d00000|100%| O|  |TAMS 0x00000000a3d00000, 0x00000000a3c00000| Untracked 
|  25|0x00000000a3d00000, 0x00000000a3e00000, 0x00000000a3e00000|100%| O|  |TAMS 0x00000000a3e00000, 0x00000000a3d00000| Untracked 
|  26|0x00000000a3e00000, 0x00000000a3f00000, 0x00000000a3f00000|100%| O|  |TAMS 0x00000000a3f00000, 0x00000000a3e00000| Untracked 
|  27|0x00000000a3f00000, 0x00000000a4000000, 0x00000000a4000000|100%| O|  |TAMS 0x00000000a4000000, 0x00000000a3f00000| Untracked 
|  28|0x00000000a4000000, 0x00000000a4100000, 0x00000000a4100000|100%| O|  |TAMS 0x00000000a4100000, 0x00000000a4000000| Untracked 
|  29|0x00000000a4100000, 0x00000000a413ce00, 0x00000000a4200000| 23%| O|  |TAMS 0x00000000a413ce00, 0x00000000a4100000| Untracked 
|  30|0x00000000a4200000, 0x00000000a4200000, 0x00000000a4300000|  0%| F|  |TAMS 0x00000000a4200000, 0x00000000a4200000| Untracked 
|  31|0x00000000a4300000, 0x00000000a4300000, 0x00000000a4400000|  0%| F|  |TAMS 0x00000000a4300000, 0x00000000a4300000| Untracked 
|  32|0x00000000a4400000, 0x00000000a4400000, 0x00000000a4500000|  0%| F|  |TAMS 0x00000000a4400000, 0x00000000a4400000| Untracked 
|  33|0x00000000a4500000, 0x00000000a4500000, 0x00000000a4600000|  0%| F|  |TAMS 0x00000000a4500000, 0x00000000a4500000| Untracked 
|  34|0x00000000a4600000, 0x00000000a4600000, 0x00000000a4700000|  0%| F|  |TAMS 0x00000000a4600000, 0x00000000a4600000| Untracked 
|  35|0x00000000a4700000, 0x00000000a4700000, 0x00000000a4800000|  0%| F|  |TAMS 0x00000000a4700000, 0x00000000a4700000| Untracked 
|  36|0x00000000a4800000, 0x00000000a4800000, 0x00000000a4900000|  0%| F|  |TAMS 0x00000000a4800000, 0x00000000a4800000| Untracked 
|  37|0x00000000a4900000, 0x00000000a4900000, 0x00000000a4a00000|  0%| F|  |TAMS 0x00000000a4900000, 0x00000000a4900000| Untracked 
|  38|0x00000000a4a00000, 0x00000000a4a00000, 0x00000000a4b00000|  0%| F|  |TAMS 0x00000000a4a00000, 0x00000000a4a00000| Untracked 
|  39|0x00000000a4b00000, 0x00000000a4b00000, 0x00000000a4c00000|  0%| F|  |TAMS 0x00000000a4b00000, 0x00000000a4b00000| Untracked 
|  40|0x00000000a4c00000, 0x00000000a4c00000, 0x00000000a4d00000|  0%| F|  |TAMS 0x00000000a4c00000, 0x00000000a4c00000| Untracked 
|  41|0x00000000a4d00000, 0x00000000a4d00000, 0x00000000a4e00000|  0%| F|  |TAMS 0x00000000a4d00000, 0x00000000a4d00000| Untracked 
|  42|0x00000000a4e00000, 0x00000000a4e78ef8, 0x00000000a4f00000| 47%| S|CS|TAMS 0x00000000a4e00000, 0x00000000a4e00000| Complete 
|  43|0x00000000a4f00000, 0x00000000a4f00000, 0x00000000a5000000|  0%| F|  |TAMS 0x00000000a4f00000, 0x00000000a4f00000| Untracked 
|  44|0x00000000a5000000, 0x00000000a5100000, 0x00000000a5100000|100%| S|CS|TAMS 0x00000000a5000000, 0x00000000a5000000| Complete 
|  45|0x00000000a5100000, 0x00000000a5100000, 0x00000000a5200000|  0%| F|  |TAMS 0x00000000a5100000, 0x00000000a5100000| Untracked 
|  46|0x00000000a5200000, 0x00000000a5200000, 0x00000000a5300000|  0%| F|  |TAMS 0x00000000a5200000, 0x00000000a5200000| Untracked 
|  47|0x00000000a5300000, 0x00000000a5300000, 0x00000000a5400000|  0%| F|  |TAMS 0x00000000a5300000, 0x00000000a5300000| Untracked 
|  48|0x00000000a5400000, 0x00000000a5400000, 0x00000000a5500000|  0%| F|  |TAMS 0x00000000a5400000, 0x00000000a5400000| Untracked 
|  49|0x00000000a5500000, 0x00000000a5500000, 0x00000000a5600000|  0%| F|  |TAMS 0x00000000a5500000, 0x00000000a5500000| Untracked 
|  50|0x00000000a5600000, 0x00000000a5651420, 0x00000000a5700000| 31%| E|  |TAMS 0x00000000a5600000, 0x00000000a5600000| Complete 
|  51|0x00000000a5700000, 0x00000000a5800000, 0x00000000a5800000|100%| E|CS|TAMS 0x00000000a5700000, 0x00000000a5700000| Complete 
|  52|0x00000000a5800000, 0x00000000a5900000, 0x00000000a5900000|100%| E|CS|TAMS 0x00000000a5800000, 0x00000000a5800000| Complete 
|  53|0x00000000a5900000, 0x00000000a5a00000, 0x00000000a5a00000|100%| E|CS|TAMS 0x00000000a5900000, 0x00000000a5900000| Complete 
|  54|0x00000000a5a00000, 0x00000000a5b00000, 0x00000000a5b00000|100%| E|CS|TAMS 0x00000000a5a00000, 0x00000000a5a00000| Complete 
|  55|0x00000000a5b00000, 0x00000000a5c00000, 0x00000000a5c00000|100%| E|CS|TAMS 0x00000000a5b00000, 0x00000000a5b00000| Complete 
|  56|0x00000000a5c00000, 0x00000000a5d00000, 0x00000000a5d00000|100%| E|CS|TAMS 0x00000000a5c00000, 0x00000000a5c00000| Complete 
|  57|0x00000000a5d00000, 0x00000000a5e00000, 0x00000000a5e00000|100%| E|CS|TAMS 0x00000000a5d00000, 0x00000000a5d00000| Complete 
|  58|0x00000000a5e00000, 0x00000000a5f00000, 0x00000000a5f00000|100%| E|CS|TAMS 0x00000000a5e00000, 0x00000000a5e00000| Complete 
|  59|0x00000000a5f00000, 0x00000000a6000000, 0x00000000a6000000|100%| E|CS|TAMS 0x00000000a5f00000, 0x00000000a5f00000| Complete 
|  60|0x00000000a6000000, 0x00000000a6100000, 0x00000000a6100000|100%| E|CS|TAMS 0x00000000a6000000, 0x00000000a6000000| Complete 
|  61|0x00000000a6100000, 0x00000000a6200000, 0x00000000a6200000|100%| E|CS|TAMS 0x00000000a6100000, 0x00000000a6100000| Complete 
|  62|0x00000000a6200000, 0x00000000a6300000, 0x00000000a6300000|100%| E|CS|TAMS 0x00000000a6200000, 0x00000000a6200000| Complete 
|  63|0x00000000a6300000, 0x00000000a6400000, 0x00000000a6400000|100%| E|CS|TAMS 0x00000000a6300000, 0x00000000a6300000| Complete 
|  93|0x00000000a8100000, 0x00000000a8200000, 0x00000000a8200000|100%| E|CS|TAMS 0x00000000a8100000, 0x00000000a8100000| Complete 

Card table byte_map: [0x000001f6a8ec0000,0x000001f6a91b0000] _byte_map_base: 0x000001f6a89ae000

Marking Bits (Prev, Next): (CMBitMap*) 0x000001f68fec7c70, (CMBitMap*) 0x000001f68fec7c30
 Prev Bits: [0x000001f6aac10000, 0x000001f6ac380000)
 Next Bits: [0x000001f6a94a0000, 0x000001f6aac10000)

Polling page: 0x000001f68fbb0000

Metaspace:

Usage:
  Non-class:     47.16 MB used.
      Class:      7.14 MB used.
       Both:     54.30 MB used.

Virtual space:
  Non-class space:       64.00 MB reserved,      47.44 MB ( 74%) committed,  1 nodes.
      Class space:        1.00 GB reserved,       7.38 MB ( <1%) committed,  1 nodes.
             Both:        1.06 GB reserved,      54.81 MB (  5%) committed. 

Chunk freelists:
   Non-Class:  15.89 MB
       Class:  8.52 MB
        Both:  24.41 MB

MaxMetaspaceSize: unlimited
CompressedClassSpaceSize: 1.00 GB
Initial GC threshold: 21.00 MB
Current GC threshold: 91.06 MB
CDS: on
MetaspaceReclaimPolicy: balanced
 - commit_granule_bytes: 65536.
 - commit_granule_words: 8192.
 - virtual_space_node_default_size: 8388608.
 - enlarge_chunks_in_place: 1.
 - new_chunks_are_fully_committed: 0.
 - uncommit_free_chunks: 1.
 - use_allocation_guard: 0.
 - handle_deallocations: 1.


Internal statistics:

num_allocs_failed_limit: 6.
num_arena_births: 782.
num_arena_deaths: 20.
num_vsnodes_births: 2.
num_vsnodes_deaths: 0.
num_space_committed: 877.
num_space_uncommitted: 0.
num_chunks_returned_to_freelist: 34.
num_chunks_taken_from_freelist: 2793.
num_chunk_merges: 4.
num_chunk_splits: 1867.
num_chunks_enlarged: 1356.
num_inconsistent_stats: 0.

CodeHeap 'non-profiled nmethods': size=120000Kb used=3880Kb max_used=3880Kb free=116119Kb
 bounds [0x000001f6a0a20000, 0x000001f6a0df0000, 0x000001f6a7f50000]
CodeHeap 'profiled nmethods': size=120000Kb used=12783Kb max_used=12783Kb free=107216Kb
 bounds [0x000001f698f50000, 0x000001f699bd0000, 0x000001f6a0480000]
CodeHeap 'non-nmethods': size=5760Kb used=1318Kb max_used=1407Kb free=4441Kb
 bounds [0x000001f6a0480000, 0x000001f6a06f0000, 0x000001f6a0a20000]
 total_blobs=7029 nmethods=6389 adapters=552
 compilation: enabled
              stopped_count=0, restarted_count=0
 full_count=0

Compilation events (20 events):
Event: 295.709 Thread 0x000001f6aee4fbc0 nmethod 7235 0x000001f699bc8d10 code [0x000001f699bc8f20, 0x000001f699bc9728]
Event: 295.709 Thread 0x000001f6aee4fbc0 7230       3       java.lang.Package::getName (5 bytes)
Event: 295.710 Thread 0x000001f6aee4fbc0 nmethod 7230 0x000001f699bc9990 code [0x000001f699bc9b20, 0x000001f699bc9cd8]
Event: 295.710 Thread 0x000001f6aee4fbc0 7232       1       org.hibernate.validator.internal.metadata.aggregated.MetaDataBuilder::getBeanClass (5 bytes)
Event: 295.710 Thread 0x000001f6aee4fbc0 nmethod 7232 0x000001f6a0de9490 code [0x000001f6a0de9620, 0x000001f6a0de96f8]
Event: 295.710 Thread 0x000001f6aee4fbc0 7233       3       org.hibernate.validator.internal.properties.javabean.JavaBeanMethod::getConstrainedElementKind (4 bytes)
Event: 295.712 Thread 0x000001f6aee4fbc0 nmethod 7233 0x000001f699bc9d90 code [0x000001f699bc9f20, 0x000001f699bca038]
Event: 295.712 Thread 0x000001f6aee4fbc0 7226       3       org.springframework.core.annotation.AbstractMergedAnnotation::synthesize (38 bytes)
Event: 295.714 Thread 0x000001f6aee4fbc0 nmethod 7226 0x000001f699bca110 code [0x000001f699bca2e0, 0x000001f699bca728]
Event: 296.450 Thread 0x000001f6aee4fbc0 7237       1       org.bson.BsonObjectId::getValue (5 bytes)
Event: 296.450 Thread 0x000001f6aee4fbc0 nmethod 7237 0x000001f6a0de9790 code [0x000001f6a0de9920, 0x000001f6a0de99f8]
Event: 296.722 Thread 0x000001f6aee4fbc0 7238       3       java.util.Collections$UnmodifiableList::equals (24 bytes)
Event: 296.722 Thread 0x000001f6aee4fbc0 nmethod 7238 0x000001f699bca890 code [0x000001f699bcaa40, 0x000001f699bcaca8]
Event: 296.741 Thread 0x000001f6f60120c0 7229   !   4       java.lang.reflect.Executable::declaredAnnotations (85 bytes)
Event: 299.070 Thread 0x000001f6aee4fbc0 7239       1       org.springframework.data.mongodb.core.MongoTemplate::getConverter (5 bytes)
Event: 300.783 Thread 0x000001f6aee4fbc0 nmethod 7239 0x000001f6a0de9a90 code [0x000001f6a0de9c20, 0x000001f6a0de9cf8]
Event: 300.790 Thread 0x000001f6aee4fbc0 7240       3       java.lang.reflect.Method::acquireMethodAccessor (44 bytes)
Event: 300.792 Thread 0x000001f6aee4fbc0 nmethod 7240 0x000001f699bcad90 code [0x000001f699bcaf80, 0x000001f699bcb458]
Event: 302.065 Thread 0x000001f6aee4fbc0 7241       3       org.springframework.data.mongodb.core.mapping.CachingMongoPersistentProperty::isAssociation (14 bytes)
Event: 302.066 Thread 0x000001f6aee4fbc0 nmethod 7241 0x000001f699bcb610 code [0x000001f699bcb7e0, 0x000001f699bcbbb8]

GC Heap History (20 events):
Event: 3.279 GC heap before
{Heap before GC invocations=4 (full 0):
 garbage-first heap   total 55296K, used 40345K [0x00000000a2400000, 0x0000000100000000)
  region size 1024K, 32 young (32768K), 7 survivors (7168K)
 Metaspace       used 23927K, committed 24256K, reserved 1114112K
  class space    used 3066K, committed 3200K, reserved 1048576K
}
Event: 3.287 GC heap after
{Heap after GC invocations=5 (full 0):
 garbage-first heap   total 55296K, used 16512K [0x00000000a2400000, 0x0000000100000000)
  region size 1024K, 3 young (3072K), 3 survivors (3072K)
 Metaspace       used 23927K, committed 24256K, reserved 1114112K
  class space    used 3066K, committed 3200K, reserved 1048576K
}
Event: 3.980 GC heap before
{Heap before GC invocations=5 (full 0):
 garbage-first heap   total 55296K, used 38016K [0x00000000a2400000, 0x0000000100000000)
  region size 1024K, 24 young (24576K), 3 survivors (3072K)
 Metaspace       used 27414K, committed 27840K, reserved 1114112K
  class space    used 3554K, committed 3776K, reserved 1048576K
}
Event: 3.984 GC heap after
{Heap after GC invocations=6 (full 0):
 garbage-first heap   total 55296K, used 18255K [0x00000000a2400000, 0x0000000100000000)
  region size 1024K, 2 young (2048K), 2 survivors (2048K)
 Metaspace       used 27414K, committed 27840K, reserved 1114112K
  class space    used 3554K, committed 3776K, reserved 1048576K
}
Event: 4.706 GC heap before
{Heap before GC invocations=6 (full 0):
 garbage-first heap   total 55296K, used 38735K [0x00000000a2400000, 0x0000000100000000)
  region size 1024K, 23 young (23552K), 2 survivors (2048K)
 Metaspace       used 31354K, committed 31808K, reserved 1114112K
  class space    used 4049K, committed 4224K, reserved 1048576K
}
Event: 4.711 GC heap after
{Heap after GC invocations=7 (full 0):
 garbage-first heap   total 55296K, used 20254K [0x00000000a2400000, 0x0000000100000000)
  region size 1024K, 3 young (3072K), 3 survivors (3072K)
 Metaspace       used 31354K, committed 31808K, reserved 1114112K
  class space    used 4049K, committed 4224K, reserved 1048576K
}
Event: 5.352 GC heap before
{Heap before GC invocations=7 (full 0):
 garbage-first heap   total 55296K, used 34590K [0x00000000a2400000, 0x0000000100000000)
  region size 1024K, 19 young (19456K), 3 survivors (3072K)
 Metaspace       used 35622K, committed 36096K, reserved 1114112K
  class space    used 4632K, committed 4864K, reserved 1048576K
}
Event: 5.357 GC heap after
{Heap after GC invocations=8 (full 0):
 garbage-first heap   total 55296K, used 21390K [0x00000000a2400000, 0x0000000100000000)
  region size 1024K, 2 young (2048K), 2 survivors (2048K)
 Metaspace       used 35622K, committed 36096K, reserved 1114112K
  class space    used 4632K, committed 4864K, reserved 1048576K
}
Event: 5.797 GC heap before
{Heap before GC invocations=9 (full 0):
 garbage-first heap   total 55296K, used 39822K [0x00000000a2400000, 0x0000000100000000)
  region size 1024K, 21 young (21504K), 2 survivors (2048K)
 Metaspace       used 40523K, committed 41088K, reserved 1114112K
  class space    used 5293K, committed 5568K, reserved 1048576K
}
Event: 5.802 GC heap after
{Heap after GC invocations=10 (full 0):
 garbage-first heap   total 55296K, used 24466K [0x00000000a2400000, 0x0000000100000000)
  region size 1024K, 3 young (3072K), 3 survivors (3072K)
 Metaspace       used 40523K, committed 41088K, reserved 1114112K
  class space    used 5293K, committed 5568K, reserved 1048576K
}
Event: 6.637 GC heap before
{Heap before GC invocations=10 (full 0):
 garbage-first heap   total 55296K, used 40850K [0x00000000a2400000, 0x0000000100000000)
  region size 1024K, 20 young (20480K), 3 survivors (3072K)
 Metaspace       used 44378K, committed 44800K, reserved 1114112K
  class space    used 5807K, committed 6016K, reserved 1048576K
}
Event: 6.641 GC heap after
{Heap after GC invocations=11 (full 0):
 garbage-first heap   total 66560K, used 26179K [0x00000000a2400000, 0x0000000100000000)
  region size 1024K, 2 young (2048K), 2 survivors (2048K)
 Metaspace       used 44378K, committed 44800K, reserved 1114112K
  class space    used 5807K, committed 6016K, reserved 1048576K
}
Event: 7.284 GC heap before
{Heap before GC invocations=11 (full 0):
 garbage-first heap   total 66560K, used 49731K [0x00000000a2400000, 0x0000000100000000)
  region size 1024K, 25 young (25600K), 2 survivors (2048K)
 Metaspace       used 47506K, committed 48064K, reserved 1114112K
  class space    used 6250K, committed 6528K, reserved 1048576K
}
Event: 7.289 GC heap after
{Heap after GC invocations=12 (full 0):
 garbage-first heap   total 66560K, used 28022K [0x00000000a2400000, 0x0000000100000000)
  region size 1024K, 4 young (4096K), 4 survivors (4096K)
 Metaspace       used 47506K, committed 48064K, reserved 1114112K
  class space    used 6250K, committed 6528K, reserved 1048576K
}
Event: 7.929 GC heap before
{Heap before GC invocations=12 (full 0):
 garbage-first heap   total 66560K, used 50550K [0x00000000a2400000, 0x0000000100000000)
  region size 1024K, 26 young (26624K), 4 survivors (4096K)
 Metaspace       used 50488K, committed 51008K, reserved 1114112K
  class space    used 6662K, committed 6912K, reserved 1048576K
}
Event: 7.934 GC heap after
{Heap after GC invocations=13 (full 0):
 garbage-first heap   total 66560K, used 30142K [0x00000000a2400000, 0x0000000100000000)
  region size 1024K, 4 young (4096K), 4 survivors (4096K)
 Metaspace       used 50488K, committed 51008K, reserved 1114112K
  class space    used 6662K, committed 6912K, reserved 1048576K
}
Event: 14.118 GC heap before
{Heap before GC invocations=13 (full 0):
 garbage-first heap   total 66560K, used 50622K [0x00000000a2400000, 0x0000000100000000)
  region size 1024K, 25 young (25600K), 4 survivors (4096K)
 Metaspace       used 55032K, committed 55552K, reserved 1114112K
  class space    used 7300K, committed 7552K, reserved 1048576K
}
Event: 14.128 GC heap after
{Heap after GC invocations=14 (full 0):
 garbage-first heap   total 66560K, used 31605K [0x00000000a2400000, 0x0000000100000000)
  region size 1024K, 2 young (2048K), 2 survivors (2048K)
 Metaspace       used 55032K, committed 55552K, reserved 1114112K
  class space    used 7300K, committed 7552K, reserved 1048576K
}
Event: 186.513 GC heap before
{Heap before GC invocations=14 (full 0):
 garbage-first heap   total 66560K, used 52085K [0x00000000a2400000, 0x0000000100000000)
  region size 1024K, 22 young (22528K), 2 survivors (2048K)
 Metaspace       used 55381K, committed 55936K, reserved 1114112K
  class space    used 7305K, committed 7552K, reserved 1048576K
}
Event: 186.588 GC heap after
{Heap after GC invocations=15 (full 0):
 garbage-first heap   total 66560K, used 31359K [0x00000000a2400000, 0x0000000100000000)
  region size 1024K, 2 young (2048K), 2 survivors (2048K)
 Metaspace       used 55381K, committed 55936K, reserved 1114112K
  class space    used 7305K, committed 7552K, reserved 1048576K
}

Dll operation events (13 events):
Event: 0.025 Loaded shared library C:\Users\Aniket\.jdks\corretto-17.0.14\bin\java.dll
Event: 0.053 Loaded shared library C:\Users\Aniket\.jdks\corretto-17.0.14\bin\jsvml.dll
Event: 0.229 Loaded shared library C:\Users\Aniket\.jdks\corretto-17.0.14\bin\zip.dll
Event: 0.234 Loaded shared library C:\Users\Aniket\.jdks\corretto-17.0.14\bin\instrument.dll
Event: 0.243 Loaded shared library C:\Users\Aniket\.jdks\corretto-17.0.14\bin\net.dll
Event: 0.247 Loaded shared library C:\Users\Aniket\.jdks\corretto-17.0.14\bin\nio.dll
Event: 0.250 Loaded shared library C:\Users\Aniket\.jdks\corretto-17.0.14\bin\zip.dll
Event: 0.399 Loaded shared library C:\Users\Aniket\.jdks\corretto-17.0.14\bin\extnet.dll
Event: 0.441 Loaded shared library C:\Users\Aniket\.jdks\corretto-17.0.14\bin\jimage.dll
Event: 0.783 Loaded shared library C:\Users\Aniket\.jdks\corretto-17.0.14\bin\management.dll
Event: 0.792 Loaded shared library C:\Users\Aniket\.jdks\corretto-17.0.14\bin\management_ext.dll
Event: 2.595 Loaded shared library C:\Users\Aniket\.jdks\corretto-17.0.14\bin\sunmscapi.dll
Event: 13.788 Loaded shared library C:\Users\Aniket\.jdks\corretto-17.0.14\bin\verify.dll

Deoptimization events (20 events):
Event: 14.311 Thread 0x000001f6f5150d10 Uncommon trap: trap_request=0xffffff45 fr.pc=0x000001f6a0d04508 relative=0x00000000000007c8
Event: 14.311 Thread 0x000001f6f5150d10 Uncommon trap: reason=unstable_if action=reinterpret pc=0x000001f6a0d04508 method=sun.security.provider.SHA.implDigest([BI)V @ 21 c2
Event: 14.311 Thread 0x000001f6f5150d10 DEOPT PACKING pc=0x000001f6a0d04508 sp=0x0000003f4e9fc690
Event: 14.311 Thread 0x000001f6f5150d10 DEOPT UNPACKING pc=0x000001f6a04d69a3 sp=0x0000003f4e9fc650 mode 2
Event: 14.313 Thread 0x000001f6f5150d10 DEOPT PACKING pc=0x000001f6999ed62b sp=0x0000003f4e9fc540
Event: 14.313 Thread 0x000001f6f5150d10 DEOPT UNPACKING pc=0x000001f6a04d7143 sp=0x0000003f4e9fba10 mode 0
Event: 14.325 Thread 0x000001f6f5150d10 Uncommon trap: trap_request=0xffffff45 fr.pc=0x000001f6a0d10570 relative=0x0000000000002050
Event: 14.325 Thread 0x000001f6f5150d10 Uncommon trap: reason=unstable_if action=reinterpret pc=0x000001f6a0d10570 method=com.sun.crypto.provider.PBKDF2KeyImpl.deriveKey(Ljavax/crypto/Mac;[B[BII)[B @ 179 c2
Event: 14.325 Thread 0x000001f6f5150d10 DEOPT PACKING pc=0x000001f6a0d10570 sp=0x0000003f4e9fc520
Event: 14.325 Thread 0x000001f6f5150d10 DEOPT UNPACKING pc=0x000001f6a04d69a3 sp=0x0000003f4e9fc510 mode 2
Event: 56.692 Thread 0x000001f6f56a0860 DEOPT PACKING pc=0x000001f6999d393c sp=0x0000003f4d3fdf30
Event: 56.693 Thread 0x000001f6f56a0860 DEOPT UNPACKING pc=0x000001f6a04d7143 sp=0x0000003f4d3fd3f0 mode 0
Event: 289.975 Thread 0x000001f6f514e490 Uncommon trap: trap_request=0xffffffc6 fr.pc=0x000001f6a0d86220 relative=0x0000000000000e20
Event: 289.977 Thread 0x000001f6f514e490 Uncommon trap: reason=bimorphic_or_optimized_type_check action=maybe_recompile pc=0x000001f6a0d86220 method=java.util.HashMap.putVal(ILjava/lang/Object;Ljava/lang/Object;ZZ)Ljava/lang/Object; @ 203 c2
Event: 289.977 Thread 0x000001f6f514e490 DEOPT PACKING pc=0x000001f6a0d86220 sp=0x0000003f4e7ff2c0
Event: 289.979 Thread 0x000001f6f514e490 DEOPT UNPACKING pc=0x000001f6a04d69a3 sp=0x0000003f4e7ff250 mode 2
Event: 290.130 Thread 0x000001f6f514e490 Uncommon trap: trap_request=0xffffffc6 fr.pc=0x000001f6a0d86220 relative=0x0000000000000e20
Event: 291.090 Thread 0x000001f6f514e490 Uncommon trap: reason=bimorphic_or_optimized_type_check action=maybe_recompile pc=0x000001f6a0d86220 method=java.util.HashMap.putVal(ILjava/lang/Object;Ljava/lang/Object;ZZ)Ljava/lang/Object; @ 203 c2
Event: 291.106 Thread 0x000001f6f514e490 DEOPT PACKING pc=0x000001f6a0d86220 sp=0x0000003f4e7ff2c0
Event: 291.107 Thread 0x000001f6f514e490 DEOPT UNPACKING pc=0x000001f6a04d69a3 sp=0x0000003f4e7ff250 mode 2

Classes loaded (20 events):
Event: 13.270 Loading class java/nio/channels/spi/AbstractSelectionKey done
Event: 13.270 Loading class sun/nio/ch/SelectionKeyImpl done
Event: 13.270 Loading class java/lang/invoke/ConstantBootstraps
Event: 13.270 Loading class java/lang/invoke/ConstantBootstraps done
Event: 13.355 Loading class java/util/concurrent/locks/ReentrantReadWriteLock$Sync$HoldCounter
Event: 13.355 Loading class java/util/concurrent/locks/ReentrantReadWriteLock$Sync$HoldCounter done
Event: 13.492 Loading class java/time/format/DateTimeFormatterBuilder$ZoneTextPrinterParser
Event: 13.493 Loading class java/time/format/DateTimeFormatterBuilder$ZoneTextPrinterParser done
Event: 13.493 Loading class java/time/format/DateTimeFormatterBuilder$ReducedPrinterParser
Event: 13.493 Loading class java/time/format/DateTimeFormatterBuilder$ReducedPrinterParser done
Event: 13.558 Loading class java/util/zip/DeflaterOutputStream
Event: 13.558 Loading class java/util/zip/DeflaterOutputStream done
Event: 13.559 Loading class java/util/zip/GZIPInputStream
Event: 13.559 Loading class java/util/zip/GZIPInputStream done
Event: 13.560 Loading class java/util/zip/GZIPOutputStream
Event: 13.560 Loading class java/util/zip/GZIPOutputStream done
Event: 16.220 Loading class java/util/concurrent/ConcurrentLinkedDeque$CLDSpliterator
Event: 16.221 Loading class java/util/concurrent/ConcurrentLinkedDeque$CLDSpliterator done
Event: 290.138 Loading class java/util/concurrent/atomic/Striped64$Cell
Event: 291.100 Loading class java/util/concurrent/atomic/Striped64$Cell done

Classes unloaded (10 events):
Event: 186.712 Thread 0x000001f6aee11b50 Unloading class 0x000001f6b1651800 'jdk/internal/reflect/GeneratedSerializationConstructorAccessor4'
Event: 186.713 Thread 0x000001f6aee11b50 Unloading class 0x000001f6b1651400 'jdk/internal/reflect/GeneratedSerializationConstructorAccessor3'
Event: 186.713 Thread 0x000001f6aee11b50 Unloading class 0x000001f6b1651000 'jdk/internal/reflect/GeneratedSerializationConstructorAccessor2'
Event: 186.713 Thread 0x000001f6aee11b50 Unloading class 0x000001f6b1650800 'jdk/internal/reflect/GeneratedSerializationConstructorAccessor1'
Event: 186.713 Thread 0x000001f6aee11b50 Unloading class 0x000001f6b1522000 'java/lang/invoke/LambdaForm$DMH+0x000001f6b1522000'
Event: 186.713 Thread 0x000001f6aee11b50 Unloading class 0x000001f6b1521c00 'java/lang/invoke/LambdaForm$DMH+0x000001f6b1521c00'
Event: 186.713 Thread 0x000001f6aee11b50 Unloading class 0x000001f6b1521400 'java/lang/invoke/LambdaForm$DMH+0x000001f6b1521400'
Event: 186.713 Thread 0x000001f6aee11b50 Unloading class 0x000001f6b1521000 'java/lang/invoke/LambdaForm$DMH+0x000001f6b1521000'
Event: 186.713 Thread 0x000001f6aee11b50 Unloading class 0x000001f6b1520800 'java/lang/invoke/LambdaForm$DMH+0x000001f6b1520800'
Event: 186.713 Thread 0x000001f6aee11b50 Unloading class 0x000001f6b1520400 'java/lang/invoke/LambdaForm$DMH+0x000001f6b1520400'

Classes redefined (0 events):
No events

Internal exceptions (20 events):
Event: 6.656 Thread 0x000001f6afbe4350 Exception <a 'java/lang/IncompatibleClassChangeError'{0x00000000a81d7598}: Found class java.lang.Object, but interface was expected> (0x00000000a81d7598) 
thrown [s\src\hotspot\share\interpreter\linkResolver.cpp, line 826]
Event: 6.741 Thread 0x000001f6afbe4350 Exception <a 'java/lang/NoSuchMethodError'{0x00000000a616e1a8}: 'java.lang.Object java.lang.invoke.DirectMethodHandle$Holder.invokeStatic(java.lang.Object, java.lang.Object, int, java.lang.Object)'> (0x00000000a616e1a8) 
thrown [s\src\hotspot\share\interpreter\linkResolver.cpp, line 759]
Event: 6.741 Thread 0x000001f6afbe4350 Exception <a 'java/lang/NoSuchMethodError'{0x00000000a6175c10}: 'java.lang.Object java.lang.invoke.DirectMethodHandle$Holder.newInvokeSpecial(java.lang.Object, java.lang.Object, int)'> (0x00000000a6175c10) 
thrown [s\src\hotspot\share\interpreter\linkResolver.cpp, line 759]
Event: 6.800 Thread 0x000001f6afbe4350 Exception <a 'java/io/FileNotFoundException'{0x00000000a5e02810}> (0x00000000a5e02810) 
thrown [s\src\hotspot\share\prims\jni.cpp, line 516]
Event: 6.801 Thread 0x000001f6afbe4350 Exception <a 'java/io/FileNotFoundException'{0x00000000a5e0dde8}> (0x00000000a5e0dde8) 
thrown [s\src\hotspot\share\prims\jni.cpp, line 516]
Event: 6.888 Thread 0x000001f6afbe4350 Exception <a 'java/io/FileNotFoundException'{0x00000000a5b32c68}> (0x00000000a5b32c68) 
thrown [s\src\hotspot\share\prims\jni.cpp, line 516]
Event: 7.026 Thread 0x000001f6afbe4350 Exception <a 'java/lang/NoSuchMethodError'{0x00000000a57aaa98}: 'int java.lang.invoke.DirectMethodHandle$Holder.invokeStaticInit(java.lang.Object, int, java.lang.Object, java.lang.Object, java.lang.Object, java.lang.Object)'> (0x00000000a57aaa98) 
thrown [s\src\hotspot\share\interpreter\linkResolver.cpp, line 759]
Event: 7.548 Thread 0x000001f6afbe4350 Exception <a 'java/lang/IncompatibleClassChangeError'{0x00000000a5ce1c30}: Found class java.lang.Object, but interface was expected> (0x00000000a5ce1c30) 
thrown [s\src\hotspot\share\interpreter\linkResolver.cpp, line 826]
Event: 7.704 Thread 0x000001f6afbe4350 Exception <a 'java/lang/NoSuchMethodError'{0x00000000a5602280}: 'java.lang.Object java.lang.invoke.DirectMethodHandle$Holder.invokeInterface(java.lang.Object, java.lang.Object, java.lang.Object, java.lang.Object)'> (0x00000000a5602280) 
thrown [s\src\hotspot\share\interpreter\linkResolver.cpp, line 759]
Event: 7.771 Thread 0x000001f6afbe4350 Exception <a 'java/lang/NoSuchMethodError'{0x00000000a55e34e8}: 'void java.lang.invoke.DirectMethodHandle$Holder.invokeVirtual(java.lang.Object, java.lang.Object, long)'> (0x00000000a55e34e8) 
thrown [s\src\hotspot\share\interpreter\linkResolver.cpp, line 759]
Event: 7.864 Thread 0x000001f6afbe4350 Exception <a 'java/lang/NoSuchMethodError'{0x00000000a517ffb8}: 'java.lang.Object java.lang.invoke.Invokers$Holder.invoke_MT(java.lang.Object, java.lang.Object, java.lang.Object, java.lang.Object, java.lang.Object, java.lang.Object, java.lang.Object, java.lang.Object, java.lang.Object)'> (0x00000000a517ffb8) 
thrown [s\src\hotspot\share\interpreter\linkResolver.cpp, line 759]
Event: 7.920 Thread 0x000001f6afbe4350 Exception <a 'java/lang/NoSuchMethodError'{0x00000000a4fa8df8}: 'java.lang.Object java.lang.invoke.DirectMethodHandle$Holder.invokeSpecial(java.lang.Object, java.lang.Object, java.lang.Object, java.lang.Object, java.lang.Object, java.lang.Object, java.lang.Object, java.lang.Object, java.lang.Object, java.lang.Object, java.lang.Object)'> (0x00000000a4fa8df8) 
thrown [s\src\hotspot\share\interpreter\linkResolver.cpp, line 759]
Event: 7.920 Thread 0x000001f6afbe4350 Exception <a 'java/lang/NoSuchMethodError'{0x00000000a4fad5c8}: 'java.lang.Object java.lang.invoke.Invokers$Holder.invoke_MT(java.lang.Object, java.lang.Object, java.lang.Object, java.lang.Object, java.lang.Object, java.lang.Object, java.lang.Object, java.lang.Object, java.lang.Object, java.lang.Object, java.lang.Object)'> (0x00000000a4fad5c8) 
thrown [s\src\hotspot\share\interpreter\linkResolver.cpp, line 759]
Event: 8.000 Thread 0x000001f6afbe4350 Exception <a 'java/lang/NoSuchMethodError'{0x00000000a6281d80}: 'java.lang.Object java.lang.invoke.DirectMethodHandle$Holder.newInvokeSpecial(java.lang.Object, java.lang.Object, int, java.lang.Object, java.lang.Object)'> (0x00000000a6281d80) 
thrown [s\src\hotspot\share\interpreter\linkResolver.cpp, line 759]
Event: 8.218 Thread 0x000001f6f5150d10 Exception <a 'java/lang/NoSuchMethodError'{0x00000000a5da7980}: 'long java.lang.invoke.DirectMethodHandle$Holder.invokeStatic(java.lang.Object, long)'> (0x00000000a5da7980) 
thrown [s\src\hotspot\share\interpreter\linkResolver.cpp, line 759]
Event: 13.315 Thread 0x000001f6f56a26c0 Exception <a 'java/lang/NoSuchMethodError'{0x00000000a5bd2180}: 'java.lang.Object java.lang.invoke.DirectMethodHandle$Holder.invokeSpecial(java.lang.Object, java.lang.Object, java.lang.Object, java.lang.Object, java.lang.Object, long)'> (0x00000000a5bd2180) 
thrown [s\src\hotspot\share\interpreter\linkResolver.cpp, line 759]
Event: 13.315 Thread 0x000001f6f56a26c0 Exception <a 'java/lang/NoSuchMethodError'{0x00000000a5bd5bc0}: 'java.lang.Object java.lang.invoke.Invokers$Holder.linkToTargetMethod(java.lang.Object, java.lang.Object, java.lang.Object, long, java.lang.Object)'> (0x00000000a5bd5bc0) 
thrown [s\src\hotspot\share\interpreter\linkResolver.cpp, line 759]
Event: 13.662 Thread 0x000001f6f56a2bd0 Exception <a 'java/lang/NoSuchMethodError'{0x00000000a55eab88}: 'java.lang.Object java.lang.invoke.DirectMethodHandle$Holder.invokeInterface(java.lang.Object, java.lang.Object, int)'> (0x00000000a55eab88) 
thrown [s\src\hotspot\share\interpreter\linkResolver.cpp, line 759]
Event: 13.740 Thread 0x000001f6f56a2bd0 Exception <a 'java/lang/NoSuchMethodError'{0x00000000a54161e0}: 'java.lang.Object java.lang.invoke.DirectMethodHandle$Holder.invokeVirtual(java.lang.Object, java.lang.Object, java.lang.Object, java.lang.Object, java.lang.Object)'> (0x00000000a54161e0) 
thrown [s\src\hotspot\share\interpreter\linkResolver.cpp, line 759]
Event: 13.793 Thread 0x000001f6f56a2bd0 Exception <a 'java/lang/NoSuchMethodError'{0x00000000a53193c8}: 'void java.lang.invoke.Invokers$Holder.invoke_MT(java.lang.Object, java.lang.Object, java.lang.Object, java.lang.Object)'> (0x00000000a53193c8) 
thrown [s\src\hotspot\share\interpreter\linkResolver.cpp, line 759]

VM Operations (20 events):
Event: 270.042 Executing VM operation: Cleanup
Event: 270.043 Executing VM operation: Cleanup done
Event: 276.087 Executing VM operation: Cleanup
Event: 276.087 Executing VM operation: Cleanup done
Event: 277.100 Executing VM operation: Cleanup
Event: 277.100 Executing VM operation: Cleanup done
Event: 278.109 Executing VM operation: Cleanup
Event: 278.109 Executing VM operation: Cleanup done
Event: 284.162 Executing VM operation: Cleanup
Event: 284.162 Executing VM operation: Cleanup done
Event: 290.213 Executing VM operation: Cleanup
Event: 291.106 Executing VM operation: Cleanup done
Event: 293.117 Executing VM operation: Cleanup
Event: 293.117 Executing VM operation: Cleanup done
Event: 295.144 Executing VM operation: Cleanup
Event: 295.693 Executing VM operation: Cleanup done
Event: 296.706 Executing VM operation: Cleanup
Event: 296.721 Executing VM operation: Cleanup done
Event: 300.520 Executing VM operation: HandshakeAllThreads
Event: 300.798 Executing VM operation: HandshakeAllThreads done

Memory protections (0 events):
No events

Nmethod flushes (20 events):
Event: 6.609 Thread 0x000001f6af1c10a0 flushing  nmethod 0x000001f699973c10
Event: 6.609 Thread 0x000001f6af1c10a0 flushing  nmethod 0x000001f699986a10
Event: 6.609 Thread 0x000001f6af1c10a0 flushing  nmethod 0x000001f699999d90
Event: 6.609 Thread 0x000001f6af1c10a0 flushing  nmethod 0x000001f69999b010
Event: 6.609 Thread 0x000001f6af1c10a0 flushing  nmethod 0x000001f69999df10
Event: 6.609 Thread 0x000001f6af1c10a0 flushing  nmethod 0x000001f69999fa90
Event: 6.609 Thread 0x000001f6af1c10a0 flushing  nmethod 0x000001f6999a1a10
Event: 6.609 Thread 0x000001f6af1c10a0 flushing  nmethod 0x000001f6999c1810
Event: 6.609 Thread 0x000001f6af1c10a0 flushing  nmethod 0x000001f6999c4990
Event: 6.609 Thread 0x000001f6af1c10a0 flushing  nmethod 0x000001f6999c8a90
Event: 6.609 Thread 0x000001f6af1c10a0 flushing  nmethod 0x000001f6999e0190
Event: 6.609 Thread 0x000001f6af1c10a0 flushing  nmethod 0x000001f6999e1e90
Event: 6.609 Thread 0x000001f6af1c10a0 flushing  nmethod 0x000001f6999e3f90
Event: 6.609 Thread 0x000001f6af1c10a0 flushing  nmethod 0x000001f6999e4410
Event: 6.609 Thread 0x000001f6af1c10a0 flushing  nmethod 0x000001f6999e6290
Event: 6.609 Thread 0x000001f6af1c10a0 flushing  nmethod 0x000001f6999e6690
Event: 6.609 Thread 0x000001f6af1c10a0 flushing  nmethod 0x000001f6999e7210
Event: 6.609 Thread 0x000001f6af1c10a0 flushing  nmethod 0x000001f6999e7d10
Event: 6.609 Thread 0x000001f6af1c10a0 flushing  nmethod 0x000001f6999e8990
Event: 6.609 Thread 0x000001f6af1c10a0 flushing osr nmethod 0x000001f6999ea010

Events (20 events):
Event: 8.012 Thread 0x000001f6afbe4350 Thread added: 0x000001f6f56a35f0
Event: 8.012 Thread 0x000001f6afbe4350 Thread added: 0x000001f6f56a3b00
Event: 8.012 Thread 0x000001f6afbe4350 Thread added: 0x000001f6f56a4520
Event: 8.012 Thread 0x000001f6afbe4350 Thread added: 0x000001f6f56a4f40
Event: 8.012 Thread 0x000001f6afbe4350 Thread added: 0x000001f6f56a4010
Event: 8.034 Thread 0x000001f6afbe4350 Thread added: 0x000001f6f514e490
Event: 8.037 Thread 0x000001f6afbe4350 Thread added: 0x000001f6f514f8d0
Event: 8.060 Thread 0x000001f6afbe4350 Thread added: 0x000001f6f5150d10
Event: 8.074 Thread 0x000001f6afbe4350 Thread exited: 0x000001f6afbe4350
Event: 8.078 Thread 0x000001f6afbe3c80 Thread exited: 0x000001f6afbe3c80
Event: 8.078 Thread 0x000001f68fe7a4d0 Thread exited: 0x000001f68fe7a4d0
Event: 8.078 Thread 0x000001f6f5f0b330 Thread added: 0x000001f6f5f0b330
Event: 8.592 Thread 0x000001f6f5414bb0 Thread exited: 0x000001f6f5414bb0
Event: 8.592 Thread 0x000001f6af2b55c0 Thread exited: 0x000001f6af2b55c0
Event: 13.340 Thread 0x000001f6aee4fbc0 Thread added: 0x000001f6fa82aa90
Event: 13.412 Thread 0x000001f6aee4fbc0 Thread added: 0x000001f6f51039c0
Event: 14.311 Thread 0x000001f6f51039c0 Thread exited: 0x000001f6f51039c0
Event: 16.219 Thread 0x000001f6fa82aa90 Thread exited: 0x000001f6fa82aa90
Event: 65.295 Thread 0x000001f6f514fde0 Thread exited: 0x000001f6f514fde0
Event: 296.721 Thread 0x000001f6aee4fbc0 Thread added: 0x000001f6f60120c0


Dynamic libraries:
0x00007ff637160000 - 0x00007ff63716e000 	C:\Users\Aniket\.jdks\corretto-17.0.14\bin\java.exe
0x00007fffd5820000 - 0x00007fffd5a86000 	C:\WINDOWS\SYSTEM32\ntdll.dll
0x00007fffd4340000 - 0x00007fffd4409000 	C:\WINDOWS\System32\KERNEL32.DLL
0x00007fffd2cb0000 - 0x00007fffd30aa000 	C:\WINDOWS\System32\KERNELBASE.dll
0x00007fffd3160000 - 0x00007fffd32ac000 	C:\WINDOWS\System32\ucrtbase.dll
0x00007fffc6d10000 - 0x00007fffc6d2b000 	C:\Users\Aniket\.jdks\corretto-17.0.14\bin\VCRUNTIME140.dll
0x00007fffc7f00000 - 0x00007fffc7f17000 	C:\Users\Aniket\.jdks\corretto-17.0.14\bin\jli.dll
0x00007fffd4410000 - 0x00007fffd45d7000 	C:\WINDOWS\System32\USER32.dll
0x00007fffd32b0000 - 0x00007fffd32d7000 	C:\WINDOWS\System32\win32u.dll
0x00007fffd48c0000 - 0x00007fffd48eb000 	C:\WINDOWS\System32\GDI32.dll
0x00007fffb9d40000 - 0x00007fffb9fd2000 	C:\WINDOWS\WinSxS\amd64_microsoft.windows.common-controls_6595b64144ccf1df_6.0.26100.8521_none_3e08b75ce33403b3\COMCTL32.dll
0x00007fffd32e0000 - 0x00007fffd340b000 	C:\WINDOWS\System32\gdi32full.dll
0x00007fffd4900000 - 0x00007fffd49a9000 	C:\WINDOWS\System32\msvcrt.dll
0x00007fffd2ab0000 - 0x00007fffd2b53000 	C:\WINDOWS\System32\msvcp_win.dll
0x00007fffd3b50000 - 0x00007fffd3b82000 	C:\WINDOWS\System32\IMM32.DLL
0x0000000072c20000 - 0x0000000072c2c000 	C:\Program Files (x86)\360\Total Security\safemon\SafeWrapper.dll
0x00007fffd3930000 - 0x00007fffd39e6000 	C:\WINDOWS\System32\ADVAPI32.dll
0x00007fffd51c0000 - 0x00007fffd526a000 	C:\WINDOWS\System32\sechost.dll
0x00007fffd54e0000 - 0x00007fffd55f8000 	C:\WINDOWS\System32\RPCRT4.dll
0x00007fff5c7f0000 - 0x00007fff5c89c000 	C:\Program Files (x86)\360\Total Security\safemon\libzdtp64.dll
0x00007fffd3b90000 - 0x00007fffd4314000 	C:\WINDOWS\System32\SHELL32.dll
0x00007fffd5770000 - 0x00007fffd57d7000 	C:\WINDOWS\System32\SHLWAPI.dll
0x00007fffd2390000 - 0x00007fffd239b000 	C:\WINDOWS\SYSTEM32\VERSION.dll
0x00007fffcd480000 - 0x00007fffcd48c000 	C:\Users\Aniket\.jdks\corretto-17.0.14\bin\vcruntime140_1.dll
0x00007fff5c760000 - 0x00007fff5c7ed000 	C:\Users\Aniket\.jdks\corretto-17.0.14\bin\msvcp140.dll
0x00007fff15d80000 - 0x00007fff169ec000 	C:\Users\Aniket\.jdks\corretto-17.0.14\bin\server\jvm.dll
0x00007fffd5680000 - 0x00007fffd5700000 	C:\WINDOWS\System32\WS2_32.dll
0x00007fffd2930000 - 0x00007fffd298e000 	C:\WINDOWS\SYSTEM32\POWRPROF.dll
0x00007fffcb8e0000 - 0x00007fffcb916000 	C:\WINDOWS\SYSTEM32\WINMM.dll
0x00007fffd2910000 - 0x00007fffd2924000 	C:\WINDOWS\SYSTEM32\UMPDC.dll
0x00007fffd17a0000 - 0x00007fffd17bb000 	C:\WINDOWS\SYSTEM32\kernel.appcore.dll
0x00007fffc7450000 - 0x00007fffc745a000 	C:\Users\Aniket\.jdks\corretto-17.0.14\bin\jimage.dll
0x00007fffd0bf0000 - 0x00007fffd0e32000 	C:\WINDOWS\SYSTEM32\DBGHELP.DLL
0x00007fffd3590000 - 0x00007fffd3913000 	C:\WINDOWS\System32\combase.dll
0x00007fffd47e0000 - 0x00007fffd48b9000 	C:\WINDOWS\System32\OLEAUT32.dll
0x00007fffb2f00000 - 0x00007fffb2f3b000 	C:\WINDOWS\SYSTEM32\dbgcore.DLL
0x00007fffd30b0000 - 0x00007fffd3158000 	C:\WINDOWS\System32\bcryptPrimitives.dll
0x00007fffc6cd0000 - 0x00007fffc6cde000 	C:\Users\Aniket\.jdks\corretto-17.0.14\bin\instrument.dll
0x00007fffc6ce0000 - 0x00007fffc6d05000 	C:\Users\Aniket\.jdks\corretto-17.0.14\bin\java.dll
0x00007fff5c4c0000 - 0x00007fff5c597000 	C:\Users\Aniket\.jdks\corretto-17.0.14\bin\jsvml.dll
0x00007fffd0220000 - 0x00007fffd0aa0000 	C:\WINDOWS\SYSTEM32\windows.storage.dll
0x00007fffd45e0000 - 0x00007fffd46d6000 	C:\WINDOWS\System32\SHCORE.dll
0x00007fffd29d0000 - 0x00007fffd29f9000 	C:\WINDOWS\SYSTEM32\profapi.dll
0x00007fffa8130000 - 0x00007fffa8148000 	C:\Users\Aniket\.jdks\corretto-17.0.14\bin\zip.dll
0x00007fffb1db0000 - 0x00007fffb1dc9000 	C:\Users\Aniket\.jdks\corretto-17.0.14\bin\net.dll
0x00007fffc6e20000 - 0x00007fffc6f49000 	C:\WINDOWS\SYSTEM32\WINHTTP.dll
0x00007fffd1d20000 - 0x00007fffd1d8c000 	C:\WINDOWS\system32\mswsock.dll
0x00007fffa9f30000 - 0x00007fffa9f46000 	C:\Users\Aniket\.jdks\corretto-17.0.14\bin\nio.dll
0x00007fffb1d40000 - 0x00007fffb1d49000 	C:\Users\Aniket\.jdks\corretto-17.0.14\bin\extnet.dll
0x00007fffb12b0000 - 0x00007fffb12b9000 	C:\Users\Aniket\.jdks\corretto-17.0.14\bin\management.dll
0x00007fffa9bf0000 - 0x00007fffa9bfb000 	C:\Users\Aniket\.jdks\corretto-17.0.14\bin\management_ext.dll
0x00007fffd51b0000 - 0x00007fffd51b8000 	C:\WINDOWS\System32\PSAPI.DLL
0x00007fffb2f40000 - 0x00007fffb2f4e000 	C:\Users\Aniket\.jdks\corretto-17.0.14\bin\sunmscapi.dll
0x00007fffd3410000 - 0x00007fffd3588000 	C:\WINDOWS\System32\CRYPT32.dll
0x00007fffd2240000 - 0x00007fffd2270000 	C:\WINDOWS\SYSTEM32\ncrypt.dll
0x00007fffd21f0000 - 0x00007fffd222f000 	C:\WINDOWS\SYSTEM32\NTASN1.dll
0x00007fffd2020000 - 0x00007fffd203b000 	C:\WINDOWS\SYSTEM32\CRYPTSP.dll
0x00007fffd1700000 - 0x00007fffd1739000 	C:\WINDOWS\system32\rsaenh.dll
0x00007fffd1df0000 - 0x00007fffd1e23000 	C:\WINDOWS\SYSTEM32\USERENV.dll
0x00007fffd29a0000 - 0x00007fffd29ca000 	C:\WINDOWS\SYSTEM32\bcrypt.dll
0x00007fffd2040000 - 0x00007fffd204c000 	C:\WINDOWS\SYSTEM32\CRYPTBASE.dll
0x00007fffd1170000 - 0x00007fffd11a3000 	C:\WINDOWS\SYSTEM32\IPHLPAPI.DLL
0x00007fffd48f0000 - 0x00007fffd48fa000 	C:\WINDOWS\System32\NSI.dll
0x00007fffc7200000 - 0x00007fffc721d000 	C:\WINDOWS\SYSTEM32\dhcpcsvc6.DLL
0x00007fffc71d0000 - 0x00007fffc71f5000 	C:\WINDOWS\SYSTEM32\dhcpcsvc.DLL
0x00007fffd1200000 - 0x00007fffd134a000 	C:\WINDOWS\SYSTEM32\DNSAPI.dll
0x00007fffd1b20000 - 0x00007fffd1b2d000 	C:\WINDOWS\SYSTEM32\DSPARSE.dll
0x00007fffc83e0000 - 0x00007fffc83eb000 	C:\Windows\System32\rasadhlp.dll
0x00007fffc6520000 - 0x00007fffc65a6000 	C:\WINDOWS\System32\fwpuclnt.dll
0x00007fffb8f10000 - 0x00007fffb8f18000 	C:\WINDOWS\system32\wshunix.dll
0x00007fffa9200000 - 0x00007fffa9210000 	C:\Users\Aniket\.jdks\corretto-17.0.14\bin\verify.dll

dbghelp: loaded successfully - version: 4.0.5 - missing functions: none
symbol engine: initialized successfully - sym options: 0x614 - pdb path: .;C:\Users\Aniket\.jdks\corretto-17.0.14\bin;C:\WINDOWS\SYSTEM32;C:\WINDOWS\WinSxS\amd64_microsoft.windows.common-controls_6595b64144ccf1df_6.0.26100.8521_none_3e08b75ce33403b3;C:\Program Files (x86)\360\Total Security\safemon;C:\Users\Aniket\.jdks\corretto-17.0.14\bin\server

VM Arguments:
jvm_args: -javaagent:C:\Program Files\JetBrains\IntelliJ IDEA Community Edition 2024.3.5\intellihe\IntelliJ IDEA Community Edition 2024.3.5\lib\idea_rt.jar=52426 -Dfile.encoding=UTF-8 
java_command: com.jobportal.JobPortalApplication
java_class_path (initial): D:\Job-Portal\Job-Portal-20260422T161850Z-3-001\Job-Portal\target\classes;C:\Users\Aniket\.m2\repository\org\springframework\boot\spring-boot-starter-data-jpa\3.4.4\spring-boot-starter-data-jpa-3.4.4.jar;C:\Users\Aniket\.m2\repository\org\springframework\boot\spring-boot-starter\3.4.4\spring-boot-starter-3.4.4.jar;C:\Users\Aniket\.m2\repository\org\springframework\boot\spring-boot-starter-logging\3.4.4\spring-boot-starter-logging-3.4.4.jar;C:\Users\Aniket\.m2\repository\ch\qos\logback\logback-classic\1.5.18\logback-classic-1.5.18.jar;C:\Users\Aniket\.m2\repository\ch\qos\logback\logback-core\1.5.18\logback-core-1.5.18.jar;C:\Users\Aniket\.m2\repository\org\apache\logging\log4j\log4j-to-slf4j\2.24.3\log4j-to-slf4j-2.24.3.jar;C:\Users\Aniket\.m2\repository\org\apache\logging\log4j\log4j-api\2.24.3\log4j-api-2.24.3.jar;C:\Users\Aniket\.m2\repository\org\slf4j\jul-to-slf4j\2.0.17\jul-to-slf4j-2.0.17.jar;C:\Users\Aniket\.m2\repository\org\yaml\snakeyaml\2.3\snakeyaml-2.3.jar;C:\Users\Aniket\.m2\repository\org\springframework\boot\spring-boot-starter-jdbc\3.4.4\spring-boot-starter-jdbc-3.4.4.jar;C:\Users\Aniket\.m2\repository\com\zaxxer\HikariCP\5.1.0\HikariCP-5.1.0.jar;C:\Users\Aniket\.m2\repository\org\springframework\spring-jdbc\6.2.5\spring-jdbc-6.2.5.jar;C:\Users\Aniket\.m2\repository\org\springframework\data\spring-data-jpa\3.4.4\spring-data-jpa-3.4.4.jar;C:\Users\Aniket\.m2\repository\org\springframework\data\spring-data-commons\3.4.4\spring-data-commons-3.4.4.jar;C:\Users\Aniket\.m2\repository\org\springframework\spring-orm\6.2.5\spring-orm-6.2.5.jar;C:\Users\Aniket\.m2\repository\org\springframework\spring-context\6.2.5\spring-context-6.2.5.jar;C:\Users\Aniket\.m2\repository\org\springframework\spring-tx\6.2.5\spring-tx-6.2.5.jar;C:\Users\Aniket\.m2\repository\org\springframework\spring-beans\6.2.5\spring-beans-6.2.5.jar;C:\Users\Aniket\.m2\repository\org\slf4j\slf4j-api\2.0.17\slf4j-api-2.0.17.jar;C:\Users\Aniket\.m2\repository\org\s
Launcher Type: SUN_STANDARD

[Global flags]
     intx CICompilerCount                          = 4                                         {product} {ergonomic}
     uint ConcGCThreads                            = 3                                         {product} {ergonomic}
     uint G1ConcRefinementThreads                  = 10                                        {product} {ergonomic}
   size_t G1HeapRegionSize                         = 1048576                                   {product} {ergonomic}
    uintx GCDrainStackTargetSize                   = 64                                        {product} {ergonomic}
   size_t InitialHeapSize                          = 98566144                                  {product} {ergonomic}
   size_t MarkStackSize                            = 4194304                                   {product} {ergonomic}
   size_t MaxHeapSize                              = 1572864000                                {product} {ergonomic}
   size_t MaxNewSize                               = 943718400                                 {product} {ergonomic}
   size_t MinHeapDeltaBytes                        = 1048576                                   {product} {ergonomic}
   size_t MinHeapSize                              = 8388608                                   {product} {ergonomic}
    uintx NonNMethodCodeHeapSize                   = 5839372                                {pd product} {ergonomic}
    uintx NonProfiledCodeHeapSize                  = 122909434                              {pd product} {ergonomic}
    uintx ProfiledCodeHeapSize                     = 122909434                              {pd product} {ergonomic}
    uintx ReservedCodeCacheSize                    = 251658240                              {pd product} {ergonomic}
     bool SegmentedCodeCache                       = true                                      {product} {ergonomic}
   size_t SoftMaxHeapSize                          = 1572864000                             {manageable} {ergonomic}
     bool UseCompressedClassPointers               = true                           {product lp64_product} {ergonomic}
     bool UseCompressedOops                        = true                           {product lp64_product} {ergonomic}
     bool UseG1GC                                  = true                                      {product} {ergonomic}
     bool UseLargePagesIndividualAllocation        = false                                  {pd product} {ergonomic}

Logging:
Log output configuration:
 #0: stdout all=warning uptime,level,tags
 #1: stderr all=off uptime,level,tags

Environment Variables:
JAVA_HOME=C:\Program Files\Java\jdk1.8.0_202\include
CLASSPATH=C:\Program Files\Apache Software Foundation\Tomcat 9.0\lib\servlet-api.jar
PATH=C:\Python313\Scripts\;C:\Python313\;C:\Users\Aniket\Downloads\apache-maven-3.9.9-bin\apache-maven-3.9.9\bin;C:\Program Files (x86)\VMware\VMware Player\bin\;C:\Python312\Scripts\;C:\Python312\;C:\Windows\system32;C:\Windows;C:\Windows\System32\Wbem;C:\Windows\System32\WindowsPowerShell\v1.0\;C:\Windows\System32\OpenSSH\;C:\Program Files (x86)\NVIDIA Corporation\PhysX\Common;C:\Program Files\NVIDIA Corporation\NVIDIA NvDLISR;C:\WINDOWS\system32;C:\WINDOWS;C:\WINDOWS\System32\Wbem;C:\WINDOWS\System32\WindowsPowerShell\v1.0\;C:\WINDOWS\System32\OpenSSH\;C:\Program Files\Microchip\xc8\v2.46\bin;C:\Program Files\Microchip\xc-dsc\v3.00\bin;C:\Program Files\Microchip\xc16\v2.10\bin;C:\Program Files\Microchip\xc32\v4.35\bin;C:\Program Files (x86)\Microchip\MPLAB C32 Suite\bin;C:\ProgramData\chocolatey\bin;C:\Program Files (x86)\Microchip\xc8\v1.30\bin;C:\Program Files\Java\jdk-23\bin;C:\Program Files\Java\jdk1.8.0_202\include\bin;C:\Program Files\nodejs\;C:\Program Files\Git\cmd;C:\Program Files\MySQL\MySQL Shell 8.0\bin\;C:\Program Files (x86)\Microchip\mplabc18\v3.45\mpasm;C:\Program Files (x86)\Microchip\mplabc18\v3.45\bin;C:\Users\Aniket\AppData\Local\Microsoft\WindowsApps;C:\Users\Aniket\AppData\Local\Programs\Microsoft VS Code\bin;C:\Program Files\JetBrains\IntelliJ IDEA Community Edition 2024.3.5\intellihe\IntelliJ IDEA Community Edition 2024.3.5\bin;;C:\Users\Aniket\AppData\Roaming\npm;C:\Users\Aniket\AppData\Local\GitHubDesktop\bin
USERNAME=Aniket
OS=Windows_NT
PROCESSOR_IDENTIFIER=AMD64 Family 25 Model 80 Stepping 0, AuthenticAMD
TMP=C:\Users\Aniket\AppData\Local\Temp
TEMP=C:\Users\Aniket\AppData\Local\Temp



Periodic native trim disabled


---------------  S Y S T E M  ---------------

OS:
 Windows 11 , 64 bit Build 26100 (10.0.26100.8521)
OS uptime: 0 days 3:48 hours
Hyper-V role detected

CPU: total 12 (initial active 12) (12 cores per cpu, 2 threads per core) family 25 model 80 stepping 0 microcode 0xa50000c, cx8, cmov, fxsr, ht, mmx, 3dnowpref, sse, sse2, sse3, ssse3, sse4a, sse4.1, sse4.2, popcnt, lzcnt, tsc, tscinvbit, avx, avx2, aes, erms, clmul, bmi1, bmi2, adx, sha, fma, vzeroupper, clflush, clflushopt, hv
Processor Information for processor 0
  Max Mhz: 3301, Current Mhz: 1908, Mhz Limit: 3301
Processor Information for processor 1
  Max Mhz: 3301, Current Mhz: 1908, Mhz Limit: 3301
Processor Information for processor 2
  Max Mhz: 3301, Current Mhz: 1908, Mhz Limit: 3301
Processor Information for processor 3
  Max Mhz: 3301, Current Mhz: 1908, Mhz Limit: 3301
Processor Information for processor 4
  Max Mhz: 3301, Current Mhz: 1805, Mhz Limit: 3301
Processor Information for processor 5
  Max Mhz: 3301, Current Mhz: 1908, Mhz Limit: 3301
Processor Information for processor 6
  Max Mhz: 3301, Current Mhz: 1908, Mhz Limit: 3301
Processor Information for processor 7
  Max Mhz: 3301, Current Mhz: 1908, Mhz Limit: 3301
Processor Information for processor 8
  Max Mhz: 3301, Current Mhz: 1908, Mhz Limit: 3301
Processor Information for processor 9
  Max Mhz: 3301, Current Mhz: 1908, Mhz Limit: 3301
Processor Information for processor 10
  Max Mhz: 3301, Current Mhz: 1908, Mhz Limit: 3301
Processor Information for processor 11
  Max Mhz: 3301, Current Mhz: 1805, Mhz Limit: 3301

Memory: 4k page, system-wide physical 5996M (491M free)
TotalPageFile size 24428M (AvailPageFile size 208M)
current process WorkingSet (physical memory assigned to process): 89M, peak: 259M
current process commit charge ("private bytes"): 264M, peak: 301M

vm_info: OpenJDK 64-Bit Server VM (17.0.14+7-LTS) for windows-amd64 JRE (17.0.14+7-LTS), built on Jan  7 2025 20:14:24 by "Administrator" with MS VC++ 16.10 / 16.11 (VS2019)

END.
